orf_1_list:  ['T0.scaffold_826610199_c1_1', 'T0.scaffold_170828508_c1_1', 'T0.scaffold_785029462_c1_5', 'T0.scaffold_500133190_c1_1', 'T0.scaffold_915148188_c1_1', 'T0.scaffold_133727621_c1_1', 'T0.scaffold_629956420_c1_1', 'T0.scaffold_915288777_c1_1', 'T0.scaffold_11476034_c1_1', 'T0.scaffold_61541039_c1_1', 'T0.scaffold_831992212_c1_1', 'Soil3.scaffold_38977414_c1_1', 'Soil3.scaffold_374008697_c1_11', 'Soil3.scaffold_484563224_c1_1', 'Soil3.scaffold_404563946_c1_1', 'Soil5.scaffold_42391532_c1_4', 'Soil5.scaffold_151631252_c1_54', 'Soil5.scaffold_498157886_c1_1', 'Soil5.scaffold_243654554_c1_4', 'Soil6.scaffold_534384613_c1_1', 'Soil9.scaffold_403279197_c1_1', 'Soil9.scaffold_278269692_c1_1', 'Soil9.scaffold_399115430_c1_5', 'Soil9.scaffold_471201764_c1_2', 'Soil9.scaffold_422795741_c1_2', 'Soil9.scaffold_226354075_c1_6', 'Soil9.scaffold_754790964_c1_1', 'Soil9.scaffold_614425102_c1_1', 'Soil11.scaffold_222086193_c1_1', 'Soil11.scaffold_240683483_c1_1', 'Soil11.scaffold_37140770_c1_1', 'Soil12.scaffold_560476159_c1_7', 'Soil12.scaffold_64188041_c1_6', 'Soil12.scaffold_321529328_c1_1', 'Soil12.scaffold_166615160_c1_1', 'Soil12.scaffold_714331268_c1_8', 'Soil12.scaffold_446288179_c1_1', 'Soil12.scaffold_535088075_c1_1', 'Soil12.scaffold_78792061_c1_1', 'Soil12.scaffold_355147144_c1_1', 'Soil14.scaffold_378337247_c1_1', 'Soil14.scaffold_603633783_c1_1', 'Soil14.scaffold_111947747_c1_15', 'Soil14.scaffold_613608415_c1_4', 'Soil14.scaffold_937246437_c1_4', 'Soil14.scaffold_954806526_c1_1', 'Soil14.scaffold_216119129_c1_1', 'Soil14.scaffold_282024753_c1_1', 'Soil14.scaffold_349535931_c1_1', 'Soil14.scaffold_883029064_c1_1', 'Soil14.scaffold_692089922_c1_1', 'Soil15.scaffold_991210343_c1_3', 'Soil15.scaffold_566803291_c1_1', 'Soil15.scaffold_1196703985_c1_1', 'Soil15.scaffold_185354851_c1_1', 'Soil15.scaffold_36256099_c1_1', 'Soil15.scaffold_1173823673_c1_3', 'Soil15.scaffold_575697228_c1_1', 'Soil15.scaffold_802628625_c1_1', 'Soil15.scaffold_967242395_c1_1', 'Soil15.scaffold_189968816_c1_1', 'Soil15.scaffold_1035979300_c1_3', 'Soil15.scaffold_669854648_c1_1', 'Soil15.scaffold_132126673_c1_1', 'Soil15.scaffold_671925600_c1_1', 'Soil15.scaffold_742779322_c1_1', 'Soil15.scaffold_1131791871_c1_2', 'Soil15.scaffold_506487188_c1_1', 'Soil15.scaffold_1007767217_c1_2', 'Soil15.scaffold_14310597_c1_1', 'Soil15.scaffold_1276434806_c1_1', 'Soil15.scaffold_506487189_c1_1', 'Soil15.scaffold_204136325_c1_1', 'Soil15.scaffold_653368631_c1_1', 'Soil15.scaffold_1184164212_c1_3', 'Soil15.scaffold_1263193581_c1_3', 'Soil15.scaffold_442521766_c1_1', 'Soil15.scaffold_1098754523_c1_1', 'Soil15.scaffold_1288126504_c1_1', 'Soil15.scaffold_899180386_c1_7', 'Soil15.scaffold_178312450_c1_1', 'Soil16.scaffold_1056555360_c1_1', 'Soil16.scaffold_48033301_c1_9', 'Soil16.scaffold_118532615_c1_1', 'Soil16.scaffold_540019710_c1_1', 'Soil16.scaffold_104932808_c1_1', 'Soil16.scaffold_1306636612_c1_1', 'Soil16.scaffold_1323173408_c1_1', 'Soil16.scaffold_837212389_c1_1', 'Soil16.scaffold_1083734700_c1_1', 'Soil16.scaffold_1186977863_c1_1', 'Soil16.scaffold_992268769_c1_1', 'Soil16.scaffold_833218104_c1_9', 'Soil16.scaffold_1132685456_c1_1', 'Soil16.scaffold_233279887_c1_1', 'Soil16.scaffold_1246131474_c1_4', 'Soil16.scaffold_609995806_c1_1', 'Soil17.scaffold_239790672_c1_1', 'Soil17.scaffold_729716297_c1_1', 'Soil17.scaffold_531516977_c1_1', 'Soil17.scaffold_409719073_c1_1', 'Soil17.scaffold_840450566_c1_1', 'Soil17.scaffold_1036234763_c1_1', 'Soil17.scaffold_112809194_c1_1', 'Soil17.scaffold_225784986_c1_1', 'Soil17.scaffold_3737704_c1_1', 'Soil17.scaffold_541859704_c1_3', 'Soil17.scaffold_293670699_c1_1', 'Soil17.scaffold_285543800_c1_1', 'Soil17.scaffold_475470907_c1_1', 'Soil17.scaffold_377187607_c1_1', 'Soil17.scaffold_1298667718_c1_1', 'Soil17.scaffold_1160208197_c1_1', 'Soil17.scaffold_704643222_c1_1', 'Soil17.scaffold_541859705_c1_1']
len:  115
Completed 1st Round
Dictionary Built
Soil17.scaffold_704643222_c1_1
Soil17.scaffold_704643222_c1_1
T0.scaffold_785029462_c1_5
Soil11.scaffold_481195_c1_1
T0.scaffold_915148188_c1_1
Soil14.scaffold_349535931_c1_1
Soil16.scaffold_11558002_c1_2
T0.scaffold_915288777_c1_1
T0.scaffold_11476034_c1_1
Soil17.scaffold_225784986_c1_1
Soil9.scaffold_399115430_c1_5
Soil3.scaffold_38977414_c1_1
Soil16.scaffold_833218104_c1_9
Soil16.scaffold_11558002_c1_2
Soil15.scaffold_967242395_c1_1
Soil5.scaffold_42391532_c1_4
Soil5.scaffold_42391532_c1_4
Soil5.scaffold_151631252_c1_54
Soil5.scaffold_498157886_c1_1
Soil5.scaffold_243654554_c1_4
Soil16.scaffold_11558002_c1_2
Soil15.scaffold_669854648_c1_1
Soil12.scaffold_166615160_c1_1
Soil9.scaffold_399115430_c1_5
Soil3.scaffold_493019863_c1_2
Soil9.scaffold_422795741_c1_2
Soil5.scaffold_151631252_c1_54
Soil9.scaffold_754790964_c1_1
Soil15.scaffold_11890483_c1_1
Soil11.scaffold_222086193_c1_1
Soil11.scaffold_240683483_c1_1
Soil11.scaffold_37140770_c1_1
T0.scaffold_785029462_c1_5
T0.scaffold_785029462_c1_5
Soil12.scaffold_321529328_c1_1
Soil12.scaffold_166615160_c1_1
Soil9.scaffold_399115430_c1_5
Soil17.scaffold_541859705_c1_1
Soil6.scaffold_488936091_c1_1
Soil12.scaffold_78792061_c1_1
Soil12.scaffold_355147144_c1_1
Soil16.scaffold_833218104_c1_9
T0.scaffold_785029462_c1_5
Soil14.scaffold_111947747_c1_15
T0.scaffold_785029462_c1_5
Soil16.scaffold_974921035_c1_5
Soil14.scaffold_954806526_c1_1
Soil14.scaffold_216119129_c1_1
Soil16.scaffold_233279887_c1_1
Soil14.scaffold_349535931_c1_1
Soil17.scaffold_293670699_c1_1
Soil14.scaffold_692089922_c1_1
Soil14.scaffold_111947747_c1_15
Soil16.scaffold_833218104_c1_9
Soil16.scaffold_833218104_c1_9
Soil15.scaffold_1196703985_c1_1
Soil16.scaffold_104932808_c1_1
Soil15.scaffold_36256099_c1_1
T0.scaffold_785029462_c1_5
Soil15.scaffold_967242395_c1_1
Soil15.scaffold_1196703985_c1_1
Soil15.scaffold_967242395_c1_1
Soil15.scaffold_189968816_c1_1
Soil15.scaffold_1035979300_c1_3
Soil15.scaffold_669854648_c1_1
Soil15.scaffold_132126673_c1_1
Soil15.scaffold_671925600_c1_1
Soil15.scaffold_742779322_c1_1
Soil15.scaffold_1131791871_c1_2
Soil15.scaffold_506487188_c1_1
Soil15.scaffold_1007767217_c1_2
Soil16.scaffold_1083734700_c1_1
Soil16.scaffold_992268769_c1_1
Soil15.scaffold_506487189_c1_1
Soil17.scaffold_541859705_c1_1
Soil15.scaffold_653368631_c1_1
Soil14.scaffold_111947747_c1_15
T0.scaffold_785029462_c1_5
Soil15.scaffold_442521766_c1_1
T0.scaffold_785029462_c1_5
Soil15.scaffold_1288126504_c1_1
Soil15.scaffold_899180386_c1_7
Soil15.scaffold_178312450_c1_1
Soil16.scaffold_837212389_c1_1
Soil12.scaffold_845389507_c1_5
Soil15.scaffold_382333335_c1_1
Soil15.scaffold_967242395_c1_1
Soil15.scaffold_967242395_c1_1
Soil16.scaffold_104932808_c1_1
Soil16.scaffold_1306636612_c1_1
Soil15.scaffold_506487189_c1_1
Soil16.scaffold_837212389_c1_1
Soil16.scaffold_1083734700_c1_1
Soil15.scaffold_1131791871_c1_2
Soil16.scaffold_992268769_c1_1
Soil16.scaffold_833218104_c1_9
Soil16.scaffold_833218104_c1_9
Soil16.scaffold_11558002_c1_2
Soil16.scaffold_233279887_c1_1
T0.scaffold_785029462_c1_5
Soil16.scaffold_609995806_c1_1
Soil15.scaffold_506487189_c1_1
Soil17.scaffold_729716297_c1_1
Soil17.scaffold_541859705_c1_1
Soil16.scaffold_1306636612_c1_1
Soil17.scaffold_840450566_c1_1
Soil17.scaffold_1036234763_c1_1
Soil17.scaffold_112809194_c1_1
Soil17.scaffold_225784986_c1_1
Soil17.scaffold_3737704_c1_1
Soil15.scaffold_1035979300_c1_3
Soil17.scaffold_293670699_c1_1
Soil17.scaffold_285543800_c1_1
Soil17.scaffold_475470907_c1_1
Soil17.scaffold_377187607_c1_1
Soil15.scaffold_1288126504_c1_1
Soil17.scaffold_1160208197_c1_1
Soil17.scaffold_704643222_c1_1
Soil17.scaffold_541859705_c1_1
