no
no
no
no
Soil3 yes =  0 no =  4
no
no
no
no
no
Soil5 yes =  0 no =  5
no
Soil6 yes =  0 no =  1
no
no
yes
no
no
no
no
no
Soil9 yes =  1 no =  7
no
no
no
Soil11 yes =  0 no =  3
yes
yes
no
no
yes
no
no
no
no
Soil12 yes =  3 no =  6
no
yes
no
yes
no
no
no
no
no
no
no
Soil14 yes =  2 no =  9
no
no
no
no
no
no
no
no
no
no
no
no
no
no
no
no
no
no
no
no
no
no
no
no
no
yes
no
no
no
no
no
Soil15 yes =  1 no =  30
no
no
no
no
no
no
no
no
no
no
no
no
no
no
yes
no
yes
no
Soil16 yes =  2 no =  16
no
no
no
no
no
no
no
yes
no
no
no
no
no
no
no
no
yes
no
Soil17 yes =  2 no =  16
[[0. 0. 0. 0. 0. 0. 0. 0. 0. 1.]
 [0. 0. 0. 0. 0. 0. 0. 0. 0. 0.]
 [0. 0. 0. 0. 0. 1. 1. 1. 1. 0.]
 [0. 0. 0. 0. 0. 0. 0. 0. 0. 0.]
 [0. 0. 0. 0. 0. 0. 0. 0. 0. 0.]
 [0. 0. 0. 0. 0. 0. 0. 0. 0. 0.]
 [0. 0. 0. 0. 0. 0. 0. 0. 1. 0.]
 [0. 0. 0. 0. 0. 1. 1. 0. 0. 0.]
 [0. 0. 0. 0. 0. 0. 0. 0. 0. 0.]
 [0. 0. 0. 0. 0. 0. 0. 0. 0. 1.]
 [0. 0. 0. 1. 0. 1. 0. 0. 0. 0.]]
