orf_1_list:  ['T0.scaffold_563122406_c1_2', 'T0.scaffold_610518454_c1_1', 'T0.scaffold_914934534_c1_1', 'T0.scaffold_1052029150_c1_1', 'T0.scaffold_995781201_c1_1', 'T0.scaffold_519767388_c1_1', 'T0.scaffold_561169257_c1_1', 'T0.scaffold_1095986051_c1_1', 'T0.scaffold_1012131347_c1_1', 'T0.scaffold_525110741_c1_1', 'T0.scaffold_1061906687_c1_1', 'T0.scaffold_273218771_c1_2', 'T0.scaffold_967177930_c1_5', 'T0.scaffold_61404940_c1_1', 'T0.scaffold_499854029_c1_1', 'T0.scaffold_1023993709_c1_2', 'T0.scaffold_1146579158_c1_1', 'T0.scaffold_76076085_c1_1', 'T0.scaffold_851692350_c1_1', 'T0.scaffold_327279428_c1_4', 'T0.scaffold_847435721_c1_1', 'T0.scaffold_339049266_c1_1', 'T0.scaffold_69618446_c1_13', 'T0.scaffold_516244210_c1_4', 'T0.scaffold_961428012_c1_71', 'T0.scaffold_290627530_c1_1', 'T0.scaffold_972952962_c1_1', 'T0.scaffold_16942130_c1_1', 'T0.scaffold_684329388_c1_1', 'T0.scaffold_360551274_c1_1', 'T0.scaffold_50999882_c1_2', 'T0.scaffold_967757664_c1_1', 'T0.scaffold_390488187_c1_3', 'T0.scaffold_391739065_c1_1', 'T0.scaffold_528548689_c1_2', 'T0.scaffold_347172860_c1_3', 'T0.scaffold_677904738_c1_1', 'T0.scaffold_793520296_c1_1', 'T0.scaffold_579074308_c1_2', 'T0.scaffold_409096425_c1_1', 'T0.scaffold_469052346_c1_1', 'T0.scaffold_422019610_c1_3', 'T0.scaffold_129345277_c1_1', 'T0.scaffold_786865677_c1_2', 'T0.scaffold_1040725479_c1_1', 'T0.scaffold_663675287_c1_8', 'T0.scaffold_535379388_c1_1', 'T0.scaffold_1016848578_c1_1', 'T0.scaffold_303623286_c1_2', 'T0.scaffold_391332209_c1_1', 'T0.scaffold_66742975_c1_1', 'T0.scaffold_134824699_c1_1', 'T0.scaffold_404095462_c1_2', 'T0.scaffold_701892526_c1_1', 'T0.scaffold_1142550585_c1_3', 'T0.scaffold_99423436_c1_1', 'T0.scaffold_853815333_c1_4', 'T0.scaffold_764762505_c1_1', 'T0.scaffold_632540171_c1_1', 'T0.scaffold_1087053736_c1_1', 'T0.scaffold_491838059_c1_2', 'T0.scaffold_1050168382_c1_1', 'T0.scaffold_671038572_c1_1', 'T0.scaffold_299474269_c1_4', 'T0.scaffold_925671294_c1_1', 'T0.scaffold_787430701_c1_145', 'T0.scaffold_72495271_c1_1', 'T0.scaffold_896529284_c1_1', 'T0.scaffold_826823201_c1_1', 'T0.scaffold_957347417_c1_1', 'T0.scaffold_643074987_c1_1', 'T0.scaffold_172278247_c1_4', 'T0.scaffold_35062325_c1_1', 'T0.scaffold_1051169002_c1_3', 'T0.scaffold_287104333_c1_1', 'T0.scaffold_1011425320_c1_1', 'T0.scaffold_224586953_c1_1', 'T0.scaffold_768573759_c1_1', 'T0.scaffold_911598323_c1_1', 'T0.scaffold_61678423_c1_1', 'T0.scaffold_645177684_c1_1', 'T0.scaffold_40396025_c1_1', 'T0.scaffold_685359621_c1_1', 'T0.scaffold_768735077_c1_1', 'T0.scaffold_1143557678_c1_1', 'T0.scaffold_414794508_c1_1', 'T0.scaffold_844742415_c1_1', 'T0.scaffold_325134827_c1_7', 'T0.scaffold_974243036_c1_1', 'T0.scaffold_51752605_c1_1', 'T0.scaffold_862750428_c1_1', 'T0.scaffold_646082895_c1_1', 'T0.scaffold_771045130_c1_5', 'T0.scaffold_149589548_c1_1', 'T0.scaffold_440723486_c1_1', 'T0.scaffold_856295838_c1_1', 'T0.scaffold_82084267_c1_1', 'T0.scaffold_710831694_c1_1', 'T0.scaffold_158040211_c1_1', 'T0.scaffold_116363961_c1_2', 'T0.scaffold_650227987_c1_1', 'Soil3.scaffold_330656556_c1_1', 'Soil3.scaffold_548615328_c1_1', 'Soil3.scaffold_43375649_c1_2', 'Soil3.scaffold_387157237_c1_1', 'Soil3.scaffold_480171794_c1_1', 'Soil3.scaffold_599080062_c1_29', 'Soil3.scaffold_460473171_c1_1', 'Soil3.scaffold_368174673_c1_1', 'Soil3.scaffold_592698439_c1_1', 'Soil3.scaffold_495601082_c1_5', 'Soil3.scaffold_297937750_c1_2', 'Soil3.scaffold_235887695_c1_2', 'Soil3.scaffold_127846911_c1_1', 'Soil3.scaffold_370204557_c1_2', 'Soil3.scaffold_74649590_c1_14', 'Soil3.scaffold_208027637_c1_1', 'Soil3.scaffold_555174858_c1_1', 'Soil3.scaffold_547085649_c1_2', 'Soil3.scaffold_78523952_c1_1', 'Soil3.scaffold_375371368_c1_1', 'Soil3.scaffold_202054849_c1_1', 'Soil3.scaffold_556116953_c1_1', 'Soil3.scaffold_200704966_c1_1', 'Soil3.scaffold_166166879_c1_1', 'Soil3.scaffold_253180392_c1_1', 'Soil3.scaffold_269957442_c1_1', 'Soil3.scaffold_27048810_c1_1', 'Soil3.scaffold_509819821_c1_1', 'Soil3.scaffold_425735069_c1_1', 'Soil3.scaffold_553329376_c1_1', 'Soil3.scaffold_531150720_c1_1', 'Soil3.scaffold_337953223_c1_1', 'Soil3.scaffold_333288240_c1_8', 'Soil3.scaffold_37485090_c1_2', 'Soil3.scaffold_46704472_c1_7', 'Soil3.scaffold_242441672_c1_1', 'Soil3.scaffold_540645391_c1_1', 'Soil3.scaffold_401447268_c1_1', 'Soil3.scaffold_161167455_c1_45', 'Soil3.scaffold_613899820_c1_1', 'Soil3.scaffold_352165548_c1_1', 'Soil3.scaffold_367477517_c1_1', 'Soil3.scaffold_410564689_c1_1', 'Soil3.scaffold_285743490_c1_2', 'Soil3.scaffold_336787855_c1_1', 'Soil3.scaffold_545048581_c1_2', 'Soil3.scaffold_412825152_c1_1', 'Soil3.scaffold_375487153_c1_3', 'Soil3.scaffold_228275361_c1_2', 'Soil3.scaffold_351736108_c1_5', 'Soil3.scaffold_285317787_c1_123', 'Soil3.scaffold_364714375_c1_1', 'Soil3.scaffold_546338209_c1_1', 'Soil3.scaffold_412201567_c1_1', 'Soil3.scaffold_505476261_c1_2', 'Soil3.scaffold_295503566_c1_1', 'Soil3.scaffold_205290258_c1_1', 'Soil3.scaffold_131498373_c1_2', 'Soil3.scaffold_342380389_c1_1', 'Soil3.scaffold_4198863_c1_1', 'Soil3.scaffold_524598945_c1_1', 'Soil3.scaffold_432791054_c1_1', 'Soil3.scaffold_368330165_c1_1', 'Soil3.scaffold_375798447_c1_1', 'Soil3.scaffold_31685847_c1_1', 'Soil3.scaffold_113947512_c1_5', 'Soil3.scaffold_414071996_c1_8', 'Soil3.scaffold_432205656_c1_9', 'Soil3.scaffold_438214051_c1_2', 'Soil3.scaffold_623681242_c1_1', 'Soil3.scaffold_529231200_c1_1', 'Soil3.scaffold_501396971_c1_1', 'Soil3.scaffold_339893910_c1_2', 'Soil3.scaffold_389609827_c1_1', 'Soil3.scaffold_246186750_c1_1', 'Soil3.scaffold_71126171_c1_1', 'Soil3.scaffold_530221301_c1_2', 'Soil3.scaffold_499740896_c1_1', 'Soil3.scaffold_457699928_c1_1', 'Soil3.scaffold_365103124_c1_1', 'Soil3.scaffold_469229650_c1_1', 'Soil3.scaffold_596047842_c1_1', 'Soil3.scaffold_284582342_c1_1', 'Soil3.scaffold_396500639_c1_3', 'Soil3.scaffold_167323023_c1_1', 'Soil3.scaffold_435521741_c1_1', 'Soil3.scaffold_134953375_c1_1', 'Soil3.scaffold_359157672_c1_1', 'Soil3.scaffold_355143247_c1_1', 'Soil3.scaffold_397587887_c1_1', 'Soil3.scaffold_506449653_c1_1', 'Soil3.scaffold_31864478_c1_1', 'Soil3.scaffold_220327572_c1_1', 'Soil3.scaffold_408070428_c1_2', 'Soil3.scaffold_25557799_c1_26', 'Soil3.scaffold_253488375_c1_4', 'Soil3.scaffold_108960414_c1_1', 'Soil3.scaffold_115175799_c1_1', 'Soil3.scaffold_57800860_c1_2', 'Soil3.scaffold_81892209_c1_1', 'Soil3.scaffold_189263175_c1_1', 'Soil3.scaffold_293059500_c1_1', 'Soil3.scaffold_611139327_c1_1', 'Soil3.scaffold_176441362_c1_15', 'Soil3.scaffold_583368953_c1_1', 'Soil3.scaffold_334575927_c1_1', 'Soil3.scaffold_583880664_c1_1', 'Soil3.scaffold_284589272_c1_1', 'Soil3.scaffold_52100022_c1_12', 'Soil3.scaffold_115944084_c1_1', 'Soil3.scaffold_339893912_c1_1', 'Soil3.scaffold_62089797_c1_1', 'Soil3.scaffold_63658123_c1_64', 'Soil3.scaffold_31341302_c1_1', 'Soil3.scaffold_27008980_c1_1', 'Soil5.scaffold_178861028_c1_1', 'Soil5.scaffold_131169172_c1_1', 'Soil5.scaffold_552815412_c1_2', 'Soil5.scaffold_526478646_c1_1', 'Soil5.scaffold_339605269_c1_5', 'Soil5.scaffold_351578192_c1_1', 'Soil5.scaffold_153839594_c1_1', 'Soil5.scaffold_376700394_c1_2', 'Soil5.scaffold_445927614_c1_2', 'Soil5.scaffold_271035438_c1_1', 'Soil5.scaffold_376523767_c1_1', 'Soil5.scaffold_50363892_c1_1', 'Soil5.scaffold_145668583_c1_4', 'Soil5.scaffold_850585_c1_1', 'Soil5.scaffold_484561639_c1_4', 'Soil5.scaffold_235811802_c1_1', 'Soil5.scaffold_124562137_c1_1', 'Soil5.scaffold_332020356_c1_10', 'Soil5.scaffold_71395061_c1_1', 'Soil5.scaffold_82918708_c1_12', 'Soil5.scaffold_163842196_c1_1', 'Soil5.scaffold_260742538_c1_23', 'Soil5.scaffold_86898616_c1_1', 'Soil5.scaffold_309951702_c1_1', 'Soil5.scaffold_526158802_c1_1', 'Soil5.scaffold_464431173_c1_1', 'Soil5.scaffold_482927418_c1_1', 'Soil5.scaffold_384418492_c1_161', 'Soil5.scaffold_282667255_c1_1', 'Soil5.scaffold_485689044_c1_1', 'Soil5.scaffold_426188557_c1_1', 'Soil5.scaffold_181486499_c1_3', 'Soil5.scaffold_462318464_c1_1', 'Soil5.scaffold_126248520_c1_2', 'Soil5.scaffold_423475519_c1_1', 'Soil5.scaffold_311206987_c1_1', 'Soil5.scaffold_342438982_c1_1', 'Soil5.scaffold_284506813_c1_1', 'Soil5.scaffold_235673317_c1_1', 'Soil5.scaffold_477271984_c1_2', 'Soil5.scaffold_510987748_c1_1', 'Soil5.scaffold_525980190_c1_22', 'Soil5.scaffold_395480119_c1_5', 'Soil5.scaffold_209506766_c1_7', 'Soil5.scaffold_173274170_c1_1', 'Soil5.scaffold_268212901_c1_1', 'Soil5.scaffold_30799888_c1_2', 'Soil5.scaffold_284504842_c1_1', 'Soil5.scaffold_489407153_c1_201', 'Soil5.scaffold_338947275_c1_1', 'Soil5.scaffold_564889841_c1_1', 'Soil5.scaffold_215117222_c1_59', 'Soil5.scaffold_132959859_c1_6', 'Soil5.scaffold_231414069_c1_1', 'Soil5.scaffold_414464903_c1_1', 'Soil5.scaffold_425695516_c1_6', 'Soil5.scaffold_75236557_c1_1', 'Soil5.scaffold_317035920_c1_1', 'Soil5.scaffold_480167364_c1_1', 'Soil5.scaffold_416434691_c1_48', 'Soil5.scaffold_247056452_c1_1', 'Soil5.scaffold_483918723_c1_10', 'Soil5.scaffold_148011855_c1_1', 'Soil5.scaffold_187707630_c1_3', 'Soil5.scaffold_190958481_c1_1', 'Soil5.scaffold_352638952_c1_1', 'Soil5.scaffold_120605214_c1_7', 'Soil5.scaffold_550777558_c1_1', 'Soil5.scaffold_58549098_c1_1', 'Soil5.scaffold_284947836_c1_1', 'Soil5.scaffold_537670216_c1_1', 'Soil5.scaffold_34082151_c1_7', 'Soil5.scaffold_190334812_c1_127', 'Soil5.scaffold_320248502_c1_2', 'Soil5.scaffold_508404558_c1_1', 'Soil5.scaffold_167430318_c1_1', 'Soil5.scaffold_339508420_c1_44', 'Soil5.scaffold_249001418_c1_2', 'Soil5.scaffold_275348977_c1_1', 'Soil5.scaffold_473197893_c1_1', 'Soil5.scaffold_46941397_c1_4', 'Soil5.scaffold_516212764_c1_2', 'Soil5.scaffold_344852999_c1_1', 'Soil5.scaffold_179483344_c1_1', 'Soil5.scaffold_224403392_c1_1', 'Soil5.scaffold_114723595_c1_129', 'Soil5.scaffold_505074467_c1_3', 'Soil5.scaffold_269993620_c1_1', 'Soil5.scaffold_370000251_c1_1', 'Soil5.scaffold_444305363_c1_1', 'Soil5.scaffold_384243388_c1_1', 'Soil5.scaffold_10131657_c1_1', 'Soil5.scaffold_187815321_c1_1', 'Soil5.scaffold_85834731_c1_1', 'Soil5.scaffold_568918686_c1_1', 'Soil5.scaffold_305592404_c1_1', 'Soil5.scaffold_113795878_c1_1', 'Soil5.scaffold_34355924_c1_2', 'Soil5.scaffold_114105674_c1_1', 'Soil5.scaffold_140075914_c1_1', 'Soil5.scaffold_332789329_c1_2', 'Soil5.scaffold_441624843_c1_1', 'Soil5.scaffold_297430877_c1_1', 'Soil5.scaffold_100460575_c1_5', 'Soil5.scaffold_24075694_c1_1', 'Soil5.scaffold_514405218_c1_11', 'Soil5.scaffold_320810195_c1_1', 'Soil5.scaffold_565566370_c1_1', 'Soil5.scaffold_434220697_c1_2', 'Soil5.scaffold_183283646_c1_24', 'Soil5.scaffold_536076845_c1_2', 'Soil5.scaffold_544698016_c1_2', 'Soil5.scaffold_203247709_c1_1', 'Soil5.scaffold_376453448_c1_2', 'Soil5.scaffold_110427239_c1_1', 'Soil5.scaffold_203449060_c1_1', 'Soil5.scaffold_444093699_c1_4', 'Soil5.scaffold_333528109_c1_4', 'Soil5.scaffold_287011042_c1_1', 'Soil5.scaffold_225756440_c1_1', 'Soil5.scaffold_567063975_c1_1', 'Soil5.scaffold_29570195_c1_2', 'Soil5.scaffold_167258139_c1_1', 'Soil5.scaffold_545578255_c1_1', 'Soil5.scaffold_559257041_c1_1', 'Soil5.scaffold_451328581_c1_1', 'Soil5.scaffold_326884168_c1_1', 'Soil5.scaffold_283674501_c1_1', 'Soil5.scaffold_549495455_c1_6', 'Soil5.scaffold_114379860_c1_1', 'Soil5.scaffold_13272894_c1_8', 'Soil5.scaffold_87619515_c1_114', 'Soil5.scaffold_510221438_c1_1', 'Soil5.scaffold_260743559_c1_1', 'Soil5.scaffold_133269568_c1_66', 'Soil5.scaffold_398114878_c1_1', 'Soil5.scaffold_326884169_c1_1', 'Soil5.scaffold_221877836_c1_1', 'Soil5.scaffold_430701993_c1_1', 'Soil5.scaffold_445329499_c1_2', 'Soil5.scaffold_213870767_c1_1', 'Soil5.scaffold_33740271_c1_1', 'Soil6.scaffold_125331956_c1_2', 'Soil6.scaffold_230207484_c1_1', 'Soil6.scaffold_557412309_c1_1', 'Soil6.scaffold_276395619_c1_1', 'Soil6.scaffold_348010530_c1_2', 'Soil6.scaffold_636492910_c1_1', 'Soil6.scaffold_310197947_c1_1', 'Soil6.scaffold_86801766_c1_2', 'Soil6.scaffold_35913769_c1_11', 'Soil6.scaffold_512705757_c1_2', 'Soil6.scaffold_47353953_c1_4', 'Soil6.scaffold_586422288_c1_1', 'Soil6.scaffold_571333250_c1_1', 'Soil6.scaffold_420066454_c1_1', 'Soil6.scaffold_15191967_c1_1', 'Soil6.scaffold_485578092_c1_1', 'Soil6.scaffold_236845606_c1_1', 'Soil6.scaffold_547701030_c1_1', 'Soil6.scaffold_622857789_c1_2', 'Soil6.scaffold_556219166_c1_1', 'Soil6.scaffold_228720199_c1_2', 'Soil6.scaffold_143397200_c1_6', 'Soil6.scaffold_441881540_c1_4', 'Soil6.scaffold_154078356_c1_2', 'Soil6.scaffold_237689045_c1_1', 'Soil6.scaffold_624691463_c1_1', 'Soil6.scaffold_436452740_c1_14', 'Soil6.scaffold_566635855_c1_1', 'Soil6.scaffold_583080329_c1_1', 'Soil6.scaffold_604797369_c1_1', 'Soil6.scaffold_138360071_c1_1', 'Soil6.scaffold_360543167_c1_1', 'Soil6.scaffold_569641967_c1_1', 'Soil6.scaffold_267444441_c1_1', 'Soil6.scaffold_235194939_c1_2', 'Soil6.scaffold_522312521_c1_2', 'Soil6.scaffold_154638535_c1_97', 'Soil6.scaffold_481197893_c1_12', 'Soil6.scaffold_654612876_c1_1', 'Soil6.scaffold_494890465_c1_1', 'Soil6.scaffold_22722492_c1_2', 'Soil6.scaffold_527935423_c1_3', 'Soil6.scaffold_612983312_c1_1', 'Soil6.scaffold_481402387_c1_10', 'Soil6.scaffold_200123076_c1_13', 'Soil6.scaffold_307771604_c1_1', 'Soil6.scaffold_321816930_c1_1', 'Soil6.scaffold_520427360_c1_1', 'Soil6.scaffold_263051309_c1_1', 'Soil6.scaffold_460055642_c1_2', 'Soil6.scaffold_498731868_c1_3', 'Soil6.scaffold_351376523_c1_2', 'Soil6.scaffold_526670178_c1_1', 'Soil6.scaffold_570673803_c1_1', 'Soil6.scaffold_279622730_c1_1', 'Soil6.scaffold_229324075_c1_1', 'Soil6.scaffold_238698780_c1_2', 'Soil6.scaffold_639228132_c1_1', 'Soil6.scaffold_163364383_c1_1', 'Soil6.scaffold_80420804_c1_1', 'Soil6.scaffold_275107_c1_2', 'Soil6.scaffold_399871196_c1_3', 'Soil6.scaffold_415258500_c1_2', 'Soil6.scaffold_205948154_c1_1', 'Soil6.scaffold_509384248_c1_7', 'Soil6.scaffold_145921008_c2_1', 'Soil6.scaffold_209596479_c1_1', 'Soil6.scaffold_312871021_c1_4', 'Soil6.scaffold_505981497_c1_1', 'Soil6.scaffold_442046937_c1_1', 'Soil6.scaffold_589442306_c1_1', 'Soil6.scaffold_194987315_c1_1', 'Soil6.scaffold_239145303_c1_1', 'Soil6.scaffold_600994110_c1_12', 'Soil6.scaffold_267525237_c1_1', 'Soil6.scaffold_105530472_c1_2', 'Soil6.scaffold_496227091_c1_1', 'Soil6.scaffold_477227124_c1_1', 'Soil6.scaffold_569443478_c1_7', 'Soil6.scaffold_100601214_c1_1', 'Soil6.scaffold_328889730_c1_4', 'Soil6.scaffold_517218696_c1_1', 'Soil6.scaffold_130688387_c1_2', 'Soil6.scaffold_130160295_c1_1', 'Soil6.scaffold_54948987_c1_1', 'Soil6.scaffold_550787785_c1_1', 'Soil6.scaffold_184439290_c1_2', 'Soil6.scaffold_645328969_c1_1', 'Soil6.scaffold_297869643_c1_1', 'Soil6.scaffold_130688386_c1_1', 'Soil6.scaffold_95998780_c1_2', 'Soil6.scaffold_548977689_c1_1', 'Soil6.scaffold_604673340_c1_1', 'Soil6.scaffold_634794646_c1_1', 'Soil6.scaffold_421411014_c1_1', 'Soil6.scaffold_92176293_c1_1', 'Soil6.scaffold_73292664_c1_1', 'Soil6.scaffold_337799130_c1_1', 'Soil6.scaffold_320073997_c1_3', 'Soil6.scaffold_449026664_c1_1', 'Soil6.scaffold_255016703_c1_1', 'Soil6.scaffold_456255312_c1_3', 'Soil6.scaffold_110997202_c1_6', 'Soil6.scaffold_274716451_c1_1', 'Soil6.scaffold_408908980_c1_1', 'Soil6.scaffold_167488764_c1_1', 'Soil6.scaffold_640761477_c1_1', 'Soil6.scaffold_447148991_c1_1', 'Soil6.scaffold_327150508_c1_1', 'Soil6.scaffold_487706506_c1_1', 'Soil6.scaffold_108522783_c1_2', 'Soil6.scaffold_486479087_c1_1', 'Soil9.scaffold_267415352_c1_2', 'Soil9.scaffold_517173497_c1_1', 'Soil9.scaffold_504758373_c1_1', 'Soil9.scaffold_726879721_c1_3', 'Soil9.scaffold_282800013_c1_1', 'Soil9.scaffold_816779774_c1_14', 'Soil9.scaffold_295701656_c1_1', 'Soil9.scaffold_775636824_c1_1', 'Soil9.scaffold_531412781_c1_1', 'Soil9.scaffold_138523248_c1_1', 'Soil9.scaffold_463652061_c1_3', 'Soil9.scaffold_393052_c1_1', 'Soil9.scaffold_19636031_c1_1', 'Soil9.scaffold_630842377_c1_1', 'Soil9.scaffold_695921122_c1_1', 'Soil9.scaffold_481020711_c1_3', 'Soil9.scaffold_102921648_c1_41', 'Soil9.scaffold_785181970_c1_1', 'Soil9.scaffold_256668893_c1_6', 'Soil9.scaffold_346308154_c1_1', 'Soil9.scaffold_299090753_c1_1', 'Soil9.scaffold_24058369_c1_1', 'Soil9.scaffold_727033318_c1_1', 'Soil9.scaffold_276334697_c1_1', 'Soil9.scaffold_467330318_c1_1', 'Soil9.scaffold_175774837_c1_4', 'Soil9.scaffold_318046479_c1_7', 'Soil9.scaffold_98679524_c1_1', 'Soil9.scaffold_45638853_c1_1', 'Soil9.scaffold_607424851_c1_3', 'Soil9.scaffold_816470524_c1_1', 'Soil9.scaffold_52427877_c1_1', 'Soil9.scaffold_264429278_c1_1', 'Soil9.scaffold_2058764_c1_1', 'Soil9.scaffold_342407457_c1_11', 'Soil9.scaffold_325028483_c1_1', 'Soil9.scaffold_646406179_c1_4', 'Soil9.scaffold_612341916_c1_1', 'Soil9.scaffold_516112812_c1_1', 'Soil9.scaffold_289673608_c1_2', 'Soil9.scaffold_620113812_c1_1', 'Soil9.scaffold_427270196_c1_1', 'Soil9.scaffold_550823476_c1_2', 'Soil9.scaffold_586421433_c1_1', 'Soil9.scaffold_2866533_c1_1', 'Soil9.scaffold_104452567_c1_1', 'Soil9.scaffold_32311998_c1_1', 'Soil9.scaffold_5397274_c1_2', 'Soil9.scaffold_453293513_c1_2', 'Soil9.scaffold_742123942_c1_1', 'Soil9.scaffold_688377698_c1_1', 'Soil9.scaffold_541216353_c1_1', 'Soil9.scaffold_495431178_c1_1', 'Soil9.scaffold_775072391_c1_1', 'Soil9.scaffold_740793355_c1_8', 'Soil9.scaffold_514711436_c1_3', 'Soil9.scaffold_73401216_c1_1', 'Soil9.scaffold_792779216_c1_1', 'Soil9.scaffold_613661707_c1_1', 'Soil9.scaffold_568636182_c1_1', 'Soil9.scaffold_669965656_c1_1', 'Soil9.scaffold_384883004_c1_1', 'Soil9.scaffold_372417789_c1_1', 'Soil9.scaffold_301134466_c1_1', 'Soil9.scaffold_287182046_c1_2', 'Soil9.scaffold_766455321_c1_2', 'Soil9.scaffold_531013011_c1_13', 'Soil9.scaffold_435396137_c1_1', 'Soil9.scaffold_120698019_c1_5', 'Soil9.scaffold_196832688_c1_1', 'Soil9.scaffold_371664408_c1_1', 'Soil9.scaffold_797403003_c1_2', 'Soil9.scaffold_719886306_c1_1', 'Soil9.scaffold_68176099_c1_1', 'Soil9.scaffold_63106286_c1_1', 'Soil9.scaffold_610361502_c1_7', 'Soil9.scaffold_585509180_c1_1', 'Soil9.scaffold_347355846_c1_1', 'Soil9.scaffold_550278571_c1_1', 'Soil9.scaffold_221736619_c1_1', 'Soil9.scaffold_47214004_c1_1', 'Soil9.scaffold_373367996_c1_1', 'Soil9.scaffold_491548486_c1_3', 'Soil9.scaffold_711597457_c1_4', 'Soil9.scaffold_585509181_c1_1', 'Soil9.scaffold_577806346_c1_1', 'Soil9.scaffold_590375001_c1_31', 'Soil9.scaffold_40670513_c1_1', 'Soil9.scaffold_643087836_c1_1', 'Soil9.scaffold_133927741_c1_1', 'Soil9.scaffold_308765924_c1_1', 'Soil9.scaffold_393751107_c1_2', 'Soil9.scaffold_715326791_c1_1', 'Soil9.scaffold_98038919_c1_19', 'Soil9.scaffold_88869874_c1_1', 'Soil9.scaffold_748371097_c1_1', 'Soil9.scaffold_290668967_c1_2', 'Soil9.scaffold_748524395_c1_17', 'Soil9.scaffold_793036657_c1_1', 'Soil9.scaffold_471251712_c1_15', 'Soil9.scaffold_550622065_c1_1', 'Soil9.scaffold_730667905_c1_4', 'Soil9.scaffold_762104633_c1_1', 'Soil9.scaffold_114470520_c1_1', 'Soil9.scaffold_741932070_c1_2', 'Soil9.scaffold_29610179_c1_1', 'Soil9.scaffold_737109880_c1_1', 'Soil9.scaffold_353055196_c1_5', 'Soil9.scaffold_367311094_c1_1', 'Soil9.scaffold_715326790_c1_1', 'Soil9.scaffold_430134023_c1_1', 'Soil9.scaffold_481717859_c1_1', 'Soil9.scaffold_425805189_c1_1', 'Soil9.scaffold_720794033_c1_1', 'Soil9.scaffold_389291796_c1_1', 'Soil9.scaffold_492709018_c1_1', 'Soil9.scaffold_117431192_c1_1', 'Soil9.scaffold_493877735_c1_7', 'Soil9.scaffold_363015616_c1_1', 'Soil9.scaffold_15410884_c1_3', 'Soil9.scaffold_477396445_c1_1', 'Soil9.scaffold_786721188_c1_3', 'Soil9.scaffold_713742547_c1_1', 'Soil9.scaffold_101985961_c1_1', 'Soil9.scaffold_400721554_c1_7', 'Soil9.scaffold_679546407_c1_17', 'Soil9.scaffold_572289408_c1_9', 'Soil9.scaffold_554597193_c1_6', 'Soil9.scaffold_625928411_c1_1', 'Soil9.scaffold_452239280_c1_1', 'Soil9.scaffold_360807477_c1_1', 'Soil9.scaffold_215781292_c1_1', 'Soil9.scaffold_145337130_c1_1', 'Soil9.scaffold_568281811_c1_2', 'Soil9.scaffold_97250420_c1_1', 'Soil9.scaffold_567167688_c1_1', 'Soil9.scaffold_30051619_c1_8', 'Soil9.scaffold_209032411_c1_3', 'Soil11.scaffold_442503297_c1_1', 'Soil11.scaffold_446487323_c1_11', 'Soil11.scaffold_76270542_c1_1', 'Soil11.scaffold_160514180_c1_2', 'Soil11.scaffold_393373990_c1_1', 'Soil11.scaffold_404038970_c1_1', 'Soil11.scaffold_203135516_c1_3', 'Soil11.scaffold_437898375_c1_1', 'Soil11.scaffold_347819372_c1_2', 'Soil11.scaffold_538017197_c1_1', 'Soil11.scaffold_465267592_c1_1', 'Soil11.scaffold_400188457_c1_1', 'Soil11.scaffold_214687120_c1_6', 'Soil11.scaffold_339825619_c1_2', 'Soil11.scaffold_359036097_c1_1', 'Soil11.scaffold_170649441_c1_1', 'Soil11.scaffold_235294367_c1_1', 'Soil11.scaffold_188574402_c1_9', 'Soil11.scaffold_347614675_c1_1', 'Soil11.scaffold_654579484_c1_1', 'Soil11.scaffold_195221293_c1_1', 'Soil11.scaffold_68703120_c1_1', 'Soil11.scaffold_582072067_c1_1', 'Soil11.scaffold_489486455_c1_1', 'Soil11.scaffold_426446855_c1_1', 'Soil11.scaffold_192947241_c1_1', 'Soil11.scaffold_392700608_c1_1', 'Soil11.scaffold_615091937_c1_1', 'Soil11.scaffold_109289769_c1_1', 'Soil11.scaffold_515169557_c1_1', 'Soil11.scaffold_211952232_c1_1', 'Soil11.scaffold_652099539_c1_1', 'Soil11.scaffold_239128790_c1_1', 'Soil11.scaffold_594580914_c1_1', 'Soil11.scaffold_180748739_c1_2', 'Soil11.scaffold_666531250_c1_1', 'Soil11.scaffold_297010056_c1_1', 'Soil11.scaffold_231814530_c1_1', 'Soil11.scaffold_340154522_c1_2', 'Soil11.scaffold_129783488_c1_1', 'Soil11.scaffold_522683875_c1_1', 'Soil11.scaffold_248094326_c1_1', 'Soil11.scaffold_603781636_c1_1', 'Soil11.scaffold_162018636_c1_1', 'Soil11.scaffold_245183604_c1_2', 'Soil11.scaffold_389888404_c1_1', 'Soil11.scaffold_149369388_c1_1', 'Soil11.scaffold_182867811_c1_1', 'Soil11.scaffold_357840019_c1_1', 'Soil11.scaffold_238023829_c1_1', 'Soil11.scaffold_408309106_c1_1', 'Soil11.scaffold_511455488_c1_1', 'Soil11.scaffold_179201199_c1_1', 'Soil11.scaffold_402009592_c1_1', 'Soil11.scaffold_219853288_c1_6', 'Soil11.scaffold_434741194_c1_1', 'Soil11.scaffold_394232503_c1_1', 'Soil11.scaffold_280255107_c1_1', 'Soil11.scaffold_95306570_c1_1', 'Soil11.scaffold_646188177_c1_1', 'Soil11.scaffold_669406189_c1_1', 'Soil11.scaffold_356766832_c1_1', 'Soil11.scaffold_206646321_c1_1', 'Soil11.scaffold_670843473_c1_3', 'Soil11.scaffold_431547323_c1_2', 'Soil11.scaffold_399610369_c1_1', 'Soil11.scaffold_162018635_c1_1', 'Soil11.scaffold_190572662_c1_1', 'Soil11.scaffold_319407464_c1_1', 'Soil11.scaffold_422685901_c1_1', 'Soil11.scaffold_431424030_c1_1', 'Soil11.scaffold_535719416_c1_1', 'Soil11.scaffold_587233302_c1_1', 'Soil11.scaffold_65427810_c1_20', 'Soil11.scaffold_227320314_c1_1', 'Soil11.scaffold_273284702_c1_1', 'Soil11.scaffold_422426196_c1_1', 'Soil11.scaffold_668984062_c1_1', 'Soil11.scaffold_61182034_c1_14', 'Soil11.scaffold_287640331_c1_2', 'Soil11.scaffold_362544385_c1_1', 'Soil11.scaffold_168782194_c1_1', 'Soil11.scaffold_150019973_c1_1', 'Soil11.scaffold_323439603_c1_1', 'Soil11.scaffold_589122127_c1_1', 'Soil11.scaffold_541487781_c1_1', 'Soil11.scaffold_170160748_c1_1', 'Soil11.scaffold_559064990_c1_11', 'Soil11.scaffold_211583530_c1_6', 'Soil11.scaffold_263816562_c1_1', 'Soil11.scaffold_283910416_c1_1', 'Soil11.scaffold_180300127_c1_1', 'Soil11.scaffold_119715110_c1_2', 'Soil11.scaffold_632437082_c1_25', 'Soil11.scaffold_213870155_c1_1', 'Soil11.scaffold_614165411_c1_1', 'Soil11.scaffold_400023678_c1_1', 'Soil11.scaffold_580604006_c1_1', 'Soil11.scaffold_320681645_c1_48', 'Soil12.scaffold_155275516_c1_1', 'Soil12.scaffold_623841069_c1_1', 'Soil12.scaffold_511848277_c1_1', 'Soil12.scaffold_851803053_c1_1', 'Soil12.scaffold_952091012_c1_1', 'Soil12.scaffold_160793557_c1_24', 'Soil12.scaffold_602613242_c1_2', 'Soil12.scaffold_953827995_c1_1', 'Soil12.scaffold_464252475_c1_1', 'Soil12.scaffold_981405074_c1_1', 'Soil12.scaffold_733062935_c1_1', 'Soil12.scaffold_716350010_c1_3', 'Soil12.scaffold_183311926_c1_2', 'Soil12.scaffold_189273669_c1_1', 'Soil12.scaffold_119057294_c1_2', 'Soil12.scaffold_517172916_c1_1', 'Soil12.scaffold_583658005_c1_1', 'Soil12.scaffold_437308461_c1_1', 'Soil12.scaffold_136883288_c1_1', 'Soil12.scaffold_731716113_c1_6', 'Soil12.scaffold_954634358_c1_1', 'Soil12.scaffold_99676068_c1_10', 'Soil12.scaffold_605358380_c1_19', 'Soil12.scaffold_674568068_c1_1', 'Soil12.scaffold_641498763_c1_1', 'Soil12.scaffold_411182367_c1_117', 'Soil12.scaffold_938693649_c1_1', 'Soil12.scaffold_621222744_c1_1', 'Soil12.scaffold_812069170_c1_1', 'Soil12.scaffold_378189845_c1_1', 'Soil12.scaffold_790547484_c1_1', 'Soil12.scaffold_35843989_c1_1', 'Soil12.scaffold_127354460_c1_1', 'Soil12.scaffold_897260858_c1_1', 'Soil12.scaffold_850572015_c1_4', 'Soil12.scaffold_688655950_c2_1', 'Soil12.scaffold_184499178_c1_3', 'Soil12.scaffold_219075235_c1_1', 'Soil12.scaffold_767270569_c1_1', 'Soil12.scaffold_12901716_c1_1', 'Soil12.scaffold_829430660_c1_1', 'Soil12.scaffold_916239112_c1_2', 'Soil12.scaffold_689576111_c1_1', 'Soil12.scaffold_271130909_c1_1', 'Soil12.scaffold_289231631_c1_1', 'Soil12.scaffold_867417568_c1_1', 'Soil12.scaffold_29882437_c1_2', 'Soil12.scaffold_758069014_c1_2', 'Soil12.scaffold_978047230_c1_1', 'Soil12.scaffold_429967949_c1_2', 'Soil12.scaffold_547080304_c1_1', 'Soil12.scaffold_61765920_c1_2', 'Soil12.scaffold_331288712_c1_8', 'Soil12.scaffold_659541611_c1_1', 'Soil12.scaffold_845451355_c1_2', 'Soil12.scaffold_764876986_c1_1', 'Soil12.scaffold_156228596_c1_1', 'Soil12.scaffold_597935242_c1_1', 'Soil12.scaffold_722959202_c1_8', 'Soil12.scaffold_772192920_c1_1', 'Soil12.scaffold_802481357_c1_1', 'Soil12.scaffold_33364383_c1_1', 'Soil12.scaffold_16909008_c1_2', 'Soil12.scaffold_814963935_c1_1', 'Soil12.scaffold_322787435_c1_1', 'Soil12.scaffold_1470442_c1_1', 'Soil12.scaffold_24692167_c1_1', 'Soil12.scaffold_433272895_c1_2', 'Soil12.scaffold_809423845_c1_1', 'Soil12.scaffold_834620244_c1_1', 'Soil12.scaffold_548291013_c1_2', 'Soil12.scaffold_666676376_c1_1', 'Soil12.scaffold_156165295_c1_1', 'Soil12.scaffold_425021965_c1_2', 'Soil12.scaffold_86657243_c1_3', 'Soil12.scaffold_764270936_c1_1', 'Soil12.scaffold_657527520_c1_1', 'Soil12.scaffold_947021023_c1_1', 'Soil12.scaffold_266712765_c1_2', 'Soil12.scaffold_750527831_c1_1', 'Soil12.scaffold_480589329_c1_1', 'Soil12.scaffold_898807201_c1_1', 'Soil12.scaffold_698126081_c1_1', 'Soil14.scaffold_1022479007_c1_1', 'Soil14.scaffold_999453207_c1_7', 'Soil14.scaffold_740372462_c1_1', 'Soil14.scaffold_176156524_c1_1', 'Soil14.scaffold_902267593_c1_2', 'Soil14.scaffold_696113849_c1_1', 'Soil14.scaffold_684112692_c1_1', 'Soil14.scaffold_974175250_c1_1', 'Soil14.scaffold_536919713_c1_1', 'Soil14.scaffold_465502786_c1_2', 'Soil14.scaffold_534621418_c1_4', 'Soil14.scaffold_648940069_c1_1', 'Soil14.scaffold_1008884942_c1_1', 'Soil14.scaffold_280216268_c1_12', 'Soil14.scaffold_1010686363_c1_2', 'Soil14.scaffold_73885354_c1_1', 'Soil14.scaffold_788282410_c1_1', 'Soil14.scaffold_96422613_c1_1', 'Soil14.scaffold_341266566_c1_1', 'Soil14.scaffold_511011747_c1_1', 'Soil14.scaffold_593237473_c1_1', 'Soil14.scaffold_98610754_c1_2', 'Soil14.scaffold_121640848_c1_15', 'Soil14.scaffold_320975943_c1_1', 'Soil14.scaffold_112614588_c1_1', 'Soil14.scaffold_250951437_c1_1', 'Soil14.scaffold_508850392_c1_1', 'Soil14.scaffold_1065212888_c1_1', 'Soil14.scaffold_407633006_c1_1', 'Soil14.scaffold_102923669_c1_1', 'Soil14.scaffold_753907801_c1_1', 'Soil14.scaffold_663536898_c1_1', 'Soil14.scaffold_746245331_c1_1', 'Soil14.scaffold_193925914_c1_100', 'Soil14.scaffold_651281215_c1_1', 'Soil14.scaffold_767870164_c1_1', 'Soil14.scaffold_975632145_c1_1', 'Soil14.scaffold_609193245_c1_1', 'Soil14.scaffold_896881844_c1_1', 'Soil14.scaffold_105183005_c1_1', 'Soil14.scaffold_1015403638_c1_1', 'Soil14.scaffold_927023944_c1_157', 'Soil14.scaffold_340212466_c1_1', 'Soil14.scaffold_420360213_c1_1', 'Soil14.scaffold_258364604_c1_1', 'Soil14.scaffold_1074531152_c1_2', 'Soil14.scaffold_641427415_c1_2', 'Soil14.scaffold_1057208301_c1_1', 'Soil14.scaffold_618164533_c1_1', 'Soil14.scaffold_662920441_c1_2', 'Soil14.scaffold_1029489388_c1_3', 'Soil14.scaffold_979988132_c1_1', 'Soil14.scaffold_703074554_c1_1', 'Soil14.scaffold_939872731_c1_1', 'Soil14.scaffold_192793831_c1_1', 'Soil14.scaffold_615579755_c1_2', 'Soil14.scaffold_781223675_c1_1', 'Soil14.scaffold_53234165_c1_3', 'Soil14.scaffold_283294682_c1_1', 'Soil14.scaffold_214585732_c1_1', 'Soil14.scaffold_683158403_c1_1', 'Soil14.scaffold_284095619_c1_1', 'Soil14.scaffold_782663394_c1_1', 'Soil14.scaffold_1080049966_c1_1', 'Soil14.scaffold_543892654_c1_1', 'Soil14.scaffold_11536761_c1_1', 'Soil14.scaffold_934828535_c1_3', 'Soil14.scaffold_596019752_c1_119', 'Soil14.scaffold_576820813_c1_40', 'Soil14.scaffold_273932850_c2_1', 'Soil14.scaffold_663669056_c1_1', 'Soil14.scaffold_316154644_c1_1', 'Soil14.scaffold_635972249_c1_1', 'Soil14.scaffold_446128208_c1_1', 'Soil14.scaffold_786500456_c1_2', 'Soil14.scaffold_637604917_c1_1', 'Soil14.scaffold_153203538_c1_1', 'Soil14.scaffold_1063556479_c1_1', 'Soil14.scaffold_845528592_c1_1', 'Soil15.scaffold_1299417957_c1_1', 'Soil15.scaffold_1165691974_c1_1', 'Soil15.scaffold_1258541897_c1_1', 'Soil15.scaffold_418520736_c1_1', 'Soil15.scaffold_157380085_c1_4', 'Soil15.scaffold_682291901_c1_1', 'Soil15.scaffold_1166588150_c1_1', 'Soil15.scaffold_527174920_c1_1', 'Soil15.scaffold_615336883_c1_1', 'Soil15.scaffold_1182777590_c1_38', 'Soil15.scaffold_1290921615_c1_1', 'Soil15.scaffold_116822102_c1_19', 'Soil15.scaffold_1122939700_c1_1', 'Soil15.scaffold_698711956_c1_2', 'Soil15.scaffold_560696117_c1_1', 'Soil15.scaffold_573965809_c1_1', 'Soil15.scaffold_10724941_c1_1', 'Soil15.scaffold_674474608_c1_1', 'Soil15.scaffold_858277895_c1_1', 'Soil15.scaffold_785892249_c1_2', 'Soil15.scaffold_844714236_c1_1', 'Soil15.scaffold_362570982_c1_2', 'Soil15.scaffold_1032666841_c1_1', 'Soil15.scaffold_60684249_c1_1', 'Soil15.scaffold_410554400_c1_1', 'Soil15.scaffold_468910569_c1_1', 'Soil15.scaffold_1069415557_c1_1', 'Soil15.scaffold_1124005010_c1_1', 'Soil15.scaffold_1255266399_c1_142', 'Soil15.scaffold_821455725_c1_1', 'Soil15.scaffold_180815506_c1_1', 'Soil15.scaffold_923890028_c1_2', 'Soil15.scaffold_328855022_c1_2', 'Soil15.scaffold_1290498875_c1_5', 'Soil15.scaffold_16321085_c1_6', 'Soil15.scaffold_669139463_c1_1', 'Soil15.scaffold_515991602_c1_2', 'Soil15.scaffold_418285511_c1_2', 'Soil15.scaffold_1170243750_c1_2', 'Soil15.scaffold_255149711_c1_1', 'Soil15.scaffold_549828125_c1_2', 'Soil15.scaffold_162675515_c1_1', 'Soil15.scaffold_1184408686_c1_1', 'Soil15.scaffold_175810641_c1_3', 'Soil15.scaffold_380520226_c1_1', 'Soil15.scaffold_652652217_c1_1', 'Soil15.scaffold_1154465524_c1_1', 'Soil15.scaffold_187543447_c1_1', 'Soil15.scaffold_755647198_c1_1', 'Soil15.scaffold_339706478_c1_2', 'Soil15.scaffold_596657994_c1_1', 'Soil15.scaffold_973855935_c1_1', 'Soil15.scaffold_1237795264_c1_1', 'Soil15.scaffold_902077976_c1_2', 'Soil15.scaffold_1105081828_c1_1', 'Soil15.scaffold_437702843_c1_1', 'Soil15.scaffold_602222018_c1_1', 'Soil15.scaffold_987496547_c1_1', 'Soil15.scaffold_43394979_c1_1', 'Soil15.scaffold_1208930929_c1_1', 'Soil16.scaffold_1368939354_c1_1', 'Soil16.scaffold_1003811285_c1_2', 'Soil16.scaffold_1241901687_c1_3', 'Soil16.scaffold_990303020_c1_1', 'Soil16.scaffold_1056039539_c1_1', 'Soil16.scaffold_990645696_c1_23', 'Soil16.scaffold_284770402_c1_10', 'Soil16.scaffold_235695670_c1_1', 'Soil16.scaffold_1189563498_c1_1', 'Soil16.scaffold_1215073673_c1_1', 'Soil16.scaffold_753772963_c1_1', 'Soil16.scaffold_944968282_c1_2', 'Soil16.scaffold_834150916_c1_1', 'Soil16.scaffold_785150334_c1_2', 'Soil16.scaffold_33225306_c1_1', 'Soil16.scaffold_955193298_c1_634', 'Soil16.scaffold_183868895_c1_1', 'Soil16.scaffold_640953118_c1_1', 'Soil16.scaffold_999192891_c1_1', 'Soil16.scaffold_887410037_c1_3', 'Soil16.scaffold_1294091472_c1_1', 'Soil16.scaffold_754367993_c1_1', 'Soil16.scaffold_394295385_c1_1', 'Soil16.scaffold_436666653_c1_2', 'Soil16.scaffold_883582465_c1_1', 'Soil16.scaffold_30827106_c1_1', 'Soil16.scaffold_444210924_c1_1', 'Soil16.scaffold_929680243_c1_1', 'Soil16.scaffold_1345785514_c1_1', 'Soil16.scaffold_1221215139_c1_1', 'Soil16.scaffold_1022553779_c1_1', 'Soil16.scaffold_1257962423_c1_1', 'Soil16.scaffold_241688877_c1_1', 'Soil16.scaffold_780312246_c1_4', 'Soil16.scaffold_494804418_c1_1', 'Soil16.scaffold_1283805648_c1_1', 'Soil16.scaffold_67981442_c1_1', 'Soil16.scaffold_943158851_c1_1', 'Soil16.scaffold_804923086_c1_3', 'Soil16.scaffold_1385083464_c1_1', 'Soil16.scaffold_1109161963_c1_1', 'Soil16.scaffold_740495249_c1_1', 'Soil16.scaffold_239777224_c1_1', 'Soil16.scaffold_258348732_c1_1', 'Soil16.scaffold_805434123_c1_1', 'Soil16.scaffold_60612290_c1_1', 'Soil16.scaffold_1209467394_c1_1', 'Soil16.scaffold_709576698_c1_1', 'Soil16.scaffold_1003811286_c1_1', 'Soil16.scaffold_703398669_c1_3', 'Soil16.scaffold_817093401_c1_1', 'Soil16.scaffold_1078417100_c1_2', 'Soil16.scaffold_845586206_c1_1', 'Soil16.scaffold_1312607544_c1_3', 'Soil16.scaffold_313969256_c1_10', 'Soil16.scaffold_1000220130_c1_1', 'Soil16.scaffold_1079540088_c1_1', 'Soil16.scaffold_437917189_c1_1', 'Soil16.scaffold_1246217747_c1_5', 'Soil16.scaffold_505138040_c1_1', 'Soil16.scaffold_452052314_c1_1', 'Soil16.scaffold_54579608_c1_2', 'Soil16.scaffold_718712853_c1_1', 'Soil16.scaffold_1328109982_c1_1', 'Soil16.scaffold_442284414_c1_1', 'Soil16.scaffold_540269748_c1_2', 'Soil16.scaffold_945375831_c1_1', 'Soil16.scaffold_131802601_c1_1', 'Soil16.scaffold_848262660_c1_1', 'Soil16.scaffold_1178108264_c1_1', 'Soil16.scaffold_598362400_c1_1', 'Soil16.scaffold_1177504530_c1_1', 'Soil16.scaffold_1204553935_c1_4', 'Soil17.scaffold_110117194_c1_1', 'Soil17.scaffold_133787210_c1_1', 'Soil17.scaffold_694072686_c1_1', 'Soil17.scaffold_253812874_c1_1', 'Soil17.scaffold_289814149_c1_1', 'Soil17.scaffold_1202428475_c1_2', 'Soil17.scaffold_1233760010_c1_1', 'Soil17.scaffold_63240252_c1_1', 'Soil17.scaffold_186252749_c1_2', 'Soil17.scaffold_576147551_c1_1', 'Soil17.scaffold_1217365402_c1_1', 'Soil17.scaffold_852337644_c1_1', 'Soil17.scaffold_1015507630_c1_1', 'Soil17.scaffold_581198514_c1_1', 'Soil17.scaffold_940744809_c1_2', 'Soil17.scaffold_274056314_c1_61', 'Soil17.scaffold_868413953_c1_1', 'Soil17.scaffold_727467476_c1_1', 'Soil17.scaffold_332687915_c1_2', 'Soil17.scaffold_80683104_c1_1', 'Soil17.scaffold_274438600_c1_2', 'Soil17.scaffold_1067865600_c1_1', 'Soil17.scaffold_1045002370_c1_23', 'Soil17.scaffold_1322787586_c1_1', 'Soil17.scaffold_489938669_c1_1', 'Soil17.scaffold_170226348_c1_1', 'Soil17.scaffold_429258095_c1_1', 'Soil17.scaffold_1170883374_c1_1', 'Soil17.scaffold_349296708_c1_1', 'Soil17.scaffold_1260026387_c1_1', 'Soil17.scaffold_561235403_c1_1', 'Soil17.scaffold_918557319_c1_2', 'Soil17.scaffold_1247360215_c1_1', 'Soil17.scaffold_1185126269_c1_2', 'Soil17.scaffold_1188092603_c1_2', 'Soil17.scaffold_1071092128_c1_1', 'Soil17.scaffold_146768584_c1_1', 'Soil17.scaffold_34435580_c1_2', 'Soil17.scaffold_1292277973_c1_1', 'Soil17.scaffold_529532661_c1_1', 'Soil17.scaffold_1347685669_c1_1', 'Soil17.scaffold_268315934_c1_1', 'Soil17.scaffold_186252750_c1_1', 'Soil17.scaffold_1292703274_c1_2', 'Soil17.scaffold_924776549_c1_2', 'Soil17.scaffold_1255261886_c1_1', 'Soil17.scaffold_1315619254_c1_1', 'Soil17.scaffold_849073034_c1_1', 'Soil17.scaffold_1293898254_c1_1', 'Soil17.scaffold_396292634_c1_1', 'Soil17.scaffold_373813518_c1_1', 'Soil17.scaffold_887102174_c1_3', 'Soil17.scaffold_841705790_c1_1', 'Soil17.scaffold_599525779_c1_2', 'Soil17.scaffold_221362183_c1_2', 'Soil17.scaffold_102369427_c1_1', 'Soil17.scaffold_1100384366_c1_1']
len:  1059
Completed 1st Round
Dictionary Built
Soil17.scaffold_102369427_c1_1
Soil3.scaffold_26587228_c1_1
Soil9.scaffold_63696370_c1_1
Soil5.scaffold_113795878_c1_1
Soil9.scaffold_353055196_c1_5
Soil9.scaffold_353055196_c1_5
T0.scaffold_308047681_c1_10
Soil6.scaffold_47353953_c1_4
Soil6.scaffold_370324234_c1_1
Soil5.scaffold_426188557_c1_1
Soil5.scaffold_549637727_c1_1
Soil16.scaffold_1078417100_c1_2
Soil3.scaffold_504725650_c1_2
Soil14.scaffold_1074531152_c1_2
Soil5.scaffold_113795878_c1_1
Soil5.scaffold_113795878_c1_1
T0.scaffold_851692350_c1_1
Soil3.scaffold_504725650_c1_2
Soil6.scaffold_370324234_c1_1
Soil15.scaffold_998637677_c1_1
T0.scaffold_851692350_c1_1
T0.scaffold_327279428_c1_4
Soil3.scaffold_368174673_c1_1
Soil5.scaffold_100460575_c1_5
Soil9.scaffold_389291796_c1_1
Soil9.scaffold_389291796_c1_1
Soil9.scaffold_389291796_c1_1
Soil5.scaffold_190334812_c1_127
T0.scaffold_961428012_c1_71
Soil5.scaffold_100460575_c1_5
T0.scaffold_521600323_c1_3
Soil11.scaffold_163615468_c1_2
Soil9.scaffold_498555357_c1_1
T0.scaffold_967757664_c1_1
Soil6.scaffold_337799130_c1_1
T0.scaffold_967757664_c1_1
T0.scaffold_967757664_c1_1
Soil16.scaffold_718712853_c1_1
Soil6.scaffold_47353953_c1_4
Soil3.scaffold_507624773_c1_1
T0.scaffold_967757664_c1_1
T0.scaffold_308047681_c1_10
T0.scaffold_308047681_c1_10
Soil3.scaffold_545048581_c1_2
T0.scaffold_308047681_c1_10
T0.scaffold_469052346_c1_1
Soil3.scaffold_504725650_c1_2
Soil5.scaffold_30799888_c1_2
T0.scaffold_786865677_c1_2
T0.scaffold_1040725479_c1_1
Soil5.scaffold_416434691_c1_48
Soil16.scaffold_289523643_c1_23
Soil16.scaffold_289523643_c1_23
T0.scaffold_1016848578_c1_1
Soil11.scaffold_65427810_c1_20
Soil9.scaffold_587284677_c1_1
Soil11.scaffold_188574402_c1_9
T0.scaffold_967757664_c1_1
T0.scaffold_967757664_c1_1
Soil9.scaffold_133927741_c1_1
Soil15.scaffold_938222320_c1_1
Soil9.scaffold_793036657_c1_1
Soil12.scaffold_851803053_c1_1
Soil6.scaffold_276395619_c1_1
T0.scaffold_632540171_c1_1
T0.scaffold_1087053736_c1_1
Soil15.scaffold_515991602_c1_2
Soil16.scaffold_805434123_c1_1
Soil5.scaffold_75236557_c1_1
Soil5.scaffold_75236557_c1_1
Soil16.scaffold_289523643_c1_23
T0.scaffold_925671294_c1_1
Soil17.scaffold_1045002370_c1_23
T0.scaffold_72495271_c1_1
T0.scaffold_72495271_c1_1
Soil6.scaffold_477227124_c1_1
Soil6.scaffold_477227124_c1_1
Soil6.scaffold_477227124_c1_1
T0.scaffold_851692350_c1_1
T0.scaffold_851692350_c1_1
T0.scaffold_851692350_c1_1
T0.scaffold_851692350_c1_1
T0.scaffold_851692350_c1_1
Soil11.scaffold_475955381_c1_1
T0.scaffold_72495271_c1_1
T0.scaffold_72495271_c1_1
Soil16.scaffold_313969256_c1_10
Soil9.scaffold_15410744_c1_2
T0.scaffold_1051169002_c1_3
T0.scaffold_287104333_c1_1
Soil15.scaffold_116822102_c1_19
Soil3.scaffold_310218704_c1_2
Soil9.scaffold_602598123_c1_1
Soil9.scaffold_602598123_c1_1
Soil5.scaffold_549637727_c1_1
Soil6.scaffold_639228132_c1_1
Soil5.scaffold_100460575_c1_5
Soil15.scaffold_1154465524_c1_1
Soil15.scaffold_1154465524_c1_1
T0.scaffold_768735077_c1_1
Soil5.scaffold_568918686_c1_1
T0.scaffold_414794508_c1_1
T0.scaffold_308047681_c1_10
Soil14.scaffold_138179934_c1_3
T0.scaffold_693658288_c1_1
Soil9.scaffold_77981841_c1_1
Soil11.scaffold_389888404_c1_1
Soil11.scaffold_389888404_c1_1
Soil3.scaffold_504725650_c1_2
Soil5.scaffold_100460575_c1_5
Soil3.scaffold_414071996_c1_8
Soil6.scaffold_477227124_c1_1
Soil3.scaffold_504725650_c1_2
Soil3.scaffold_504725650_c1_2
Soil3.scaffold_297937750_c1_2
Soil17.scaffold_1188092603_c1_2
Soil17.scaffold_1188092603_c1_2
Soil3.scaffold_504725650_c1_2
Soil16.scaffold_1385083464_c1_1
Soil5.scaffold_113795878_c1_1
T0.scaffold_308047681_c1_10
T0.scaffold_851692350_c1_1
T0.scaffold_851692350_c1_1
T0.scaffold_851692350_c1_1
T0.scaffold_851692350_c1_1
T0.scaffold_851692350_c1_1
T0.scaffold_851692350_c1_1
T0.scaffold_851692350_c1_1
T0.scaffold_851692350_c1_1
T0.scaffold_851692350_c1_1
Soil3.scaffold_26587228_c1_1
Soil3.scaffold_504725650_c1_2
Soil14.scaffold_1099110917_c1_1
Soil15.scaffold_116822102_c1_19
Soil3.scaffold_368174673_c1_1
T0.scaffold_388892069_c1_1
Soil5.scaffold_190334812_c1_127
Soil3.scaffold_297937750_c1_2
Soil17.scaffold_332687915_c1_2
Soil17.scaffold_332687915_c1_2
Soil5.scaffold_473197893_c1_1
T0.scaffold_693658288_c1_1
Soil3.scaffold_504725650_c1_2
Soil16.scaffold_805434123_c1_1
Soil3.scaffold_507624773_c1_1
Soil6.scaffold_554490263_c1_1
Soil5.scaffold_75236557_c1_1
Soil11.scaffold_149369388_c1_1
Soil14.scaffold_662920441_c1_2
Soil14.scaffold_662920441_c1_2
Soil14.scaffold_662920441_c1_2
Soil14.scaffold_662920441_c1_2
Soil3.scaffold_556116953_c1_1
Soil9.scaffold_215781292_c1_1
Soil5.scaffold_100460575_c1_5
T0.scaffold_851692350_c1_1
T0.scaffold_851692350_c1_1
T0.scaffold_851692350_c1_1
T0.scaffold_851692350_c1_1
Soil3.scaffold_310218704_c1_2
T0.scaffold_72495271_c1_1
T0.scaffold_308047681_c1_10
Soil14.scaffold_565433180_c1_1
Soil5.scaffold_260743559_c1_1
Soil3.scaffold_531150720_c1_1
Soil11.scaffold_389888404_c1_1
Soil3.scaffold_333288240_c1_8
Soil6.scaffold_485578092_c1_1
Soil15.scaffold_16321085_c1_6
T0.scaffold_271427904_c1_1
T0.scaffold_271427904_c1_1
Soil14.scaffold_662920441_c1_2
Soil9.scaffold_77981841_c1_1
Soil5.scaffold_183283646_c1_24
T0.scaffold_851692350_c1_1
T0.scaffold_851692350_c1_1
T0.scaffold_851692350_c1_1
T0.scaffold_851692350_c1_1
T0.scaffold_72495271_c1_1
Soil16.scaffold_805434123_c1_1
Soil6.scaffold_370324234_c1_1
Soil6.scaffold_370324234_c1_1
Soil5.scaffold_416434691_c1_48
Soil3.scaffold_336787855_c1_1
Soil3.scaffold_545048581_c1_2
Soil5.scaffold_100460575_c1_5
Soil3.scaffold_375487153_c1_3
Soil5.scaffold_411158157_c1_2
T0.scaffold_308047681_c1_10
Soil11.scaffold_632437082_c1_25
Soil3.scaffold_364714375_c1_1
Soil3.scaffold_546338209_c1_1
Soil3.scaffold_412201567_c1_1
Soil3.scaffold_505476261_c1_2
T0.scaffold_851692350_c1_1
T0.scaffold_851692350_c1_1
T0.scaffold_851692350_c1_1
T0.scaffold_851692350_c1_1
Soil3.scaffold_220327572_c1_1
Soil3.scaffold_220327572_c1_1
Soil3.scaffold_504725650_c1_2
Soil3.scaffold_342380389_c1_1
Soil3.scaffold_342380389_c1_1
Soil14.scaffold_662920441_c1_2
Soil16.scaffold_313969256_c1_10
Soil16.scaffold_313969256_c1_10
Soil3.scaffold_364714375_c1_1
Soil17.scaffold_332687915_c1_2
T0.scaffold_851692350_c1_1
T0.scaffold_967757664_c1_1
Soil9.scaffold_5397274_c1_2
Soil3.scaffold_414071996_c1_8
Soil9.scaffold_389291796_c1_1
T0.scaffold_786865677_c1_2
Soil5.scaffold_100460575_c1_5
Soil5.scaffold_100460575_c1_5
T0.scaffold_308047681_c1_10
Soil5.scaffold_526478646_c1_1
Soil6.scaffold_639228132_c1_1
Soil9.scaffold_612341916_c1_1
T0.scaffold_308047681_c1_10
Soil3.scaffold_71126171_c1_1
Soil3.scaffold_504725650_c1_2
Soil9.scaffold_498555357_c1_1
Soil3.scaffold_412201567_c1_1
Soil17.scaffold_1105034040_c1_1
Soil14.scaffold_939872731_c1_1
Soil9.scaffold_389291796_c1_1
Soil15.scaffold_652652217_c1_1
T0.scaffold_693658288_c1_1
Soil6.scaffold_163364383_c1_1
Soil3.scaffold_435521741_c1_1
Soil9.scaffold_793036657_c1_1
Soil3.scaffold_66951831_c1_1
Soil3.scaffold_355143247_c1_1
T0.scaffold_851692350_c1_1
T0.scaffold_851692350_c1_1
Soil9.scaffold_516112812_c1_1
Soil9.scaffold_516112812_c1_1
T0.scaffold_104298005_c1_1
Soil3.scaffold_220327572_c1_1
Soil3.scaffold_220327572_c1_1
Soil14.scaffold_1074531152_c1_2
T0.scaffold_521600323_c1_3
Soil5.scaffold_549637727_c1_1
Soil6.scaffold_639228132_c1_1
Soil6.scaffold_639228132_c1_1
T0.scaffold_967757664_c1_1
Soil16.scaffold_289523643_c1_23
Soil16.scaffold_289523643_c1_23
Soil16.scaffold_289523643_c1_23
Soil6.scaffold_477227124_c1_1
T0.scaffold_693658288_c1_1
Soil3.scaffold_293059500_c1_1
Soil3.scaffold_611139327_c1_1
Soil5.scaffold_100460575_c1_5
Soil5.scaffold_549637727_c1_1
Soil11.scaffold_475955381_c1_1
Soil12.scaffold_641498763_c1_1
Soil6.scaffold_47353953_c1_4
Soil11.scaffold_65427810_c1_20
Soil5.scaffold_283674501_c1_1
Soil3.scaffold_487147719_c1_1
Soil9.scaffold_220447296_c1_1
Soil9.scaffold_220447296_c1_1
Soil3.scaffold_504725650_c1_2
Soil9.scaffold_531412781_c1_1
Soil6.scaffold_129207369_c1_1
Soil6.scaffold_129207369_c1_1
Soil6.scaffold_129207369_c1_1
T0.scaffold_308047681_c1_10
Soil15.scaffold_515991602_c1_2
Soil5.scaffold_132959859_c1_6
Soil5.scaffold_526478646_c1_1
Soil5.scaffold_526478646_c1_1
Soil5.scaffold_339605269_c1_5
Soil16.scaffold_1069668938_c1_2
T0.scaffold_693658288_c1_1
T0.scaffold_693658288_c1_1
Soil9.scaffold_389291796_c1_1
Soil9.scaffold_389291796_c1_1
Soil9.scaffold_389291796_c1_1
Soil5.scaffold_100460575_c1_5
Soil9.scaffold_517831908_c1_1
Soil5.scaffold_75236557_c1_1
Soil5.scaffold_75236557_c1_1
Soil5.scaffold_75236557_c1_1
T0.scaffold_308047681_c1_10
Soil15.scaffold_16321085_c1_6
Soil15.scaffold_16321085_c1_6
Soil3.scaffold_504725650_c1_2
Soil5.scaffold_484561639_c1_4
Soil6.scaffold_47353953_c1_4
Soil12.scaffold_851803053_c1_1
Soil6.scaffold_477227124_c1_1
Soil14.scaffold_662920441_c1_2
Soil14.scaffold_662920441_c1_2
Soil5.scaffold_82918708_c1_12
Soil5.scaffold_277088690_c1_18
Soil5.scaffold_260742538_c1_23
Soil5.scaffold_86898616_c1_1
Soil9.scaffold_215781292_c1_1
T0.scaffold_851692350_c1_1
T0.scaffold_851692350_c1_1
T0.scaffold_851692350_c1_1
T0.scaffold_851692350_c1_1
T0.scaffold_851692350_c1_1
T0.scaffold_851692350_c1_1
T0.scaffold_851692350_c1_1
T0.scaffold_967757664_c1_1
Soil3.scaffold_225804219_c1_12
Soil14.scaffold_927023944_c1_157
Soil5.scaffold_473197893_c1_1
Soil5.scaffold_485689044_c1_1
Soil5.scaffold_426188557_c1_1
Soil5.scaffold_82918708_c1_12
Soil5.scaffold_549637727_c1_1
Soil5.scaffold_126248520_c1_2
Soil5.scaffold_33740271_c1_1
Soil3.scaffold_504725650_c1_2
Soil12.scaffold_851803053_c1_1
Soil3.scaffold_412201567_c1_1
T0.scaffold_693658288_c1_1
T0.scaffold_308047681_c1_10
T0.scaffold_308047681_c1_10
T0.scaffold_308047681_c1_10
T0.scaffold_308047681_c1_10
Soil3.scaffold_504725650_c1_2
Soil5.scaffold_525980190_c1_22
Soil14.scaffold_95957364_c1_2
Soil5.scaffold_209506766_c1_7
Soil6.scaffold_639228132_c1_1
Soil6.scaffold_639228132_c1_1
Soil5.scaffold_283674501_c1_1
Soil5.scaffold_30799888_c1_2
Soil9.scaffold_389291796_c1_1
Soil5.scaffold_489407153_c1_201
Soil5.scaffold_489407153_c1_201
Soil5.scaffold_489407153_c1_201
Soil5.scaffold_338947275_c1_1
Soil9.scaffold_5397274_c1_2
Soil16.scaffold_289523643_c1_23
Soil5.scaffold_132959859_c1_6
Soil5.scaffold_132959859_c1_6
Soil5.scaffold_132959859_c1_6
Soil9.scaffold_360807477_c1_1
Soil5.scaffold_414464903_c1_1
T0.scaffold_693658288_c1_1
T0.scaffold_693658288_c1_1
T0.scaffold_693658288_c1_1
Soil5.scaffold_75236557_c1_1
Soil6.scaffold_639228132_c1_1
Soil11.scaffold_188574402_c1_9
Soil5.scaffold_416434691_c1_48
Soil3.scaffold_531150720_c1_1
T0.scaffold_786865677_c1_2
T0.scaffold_786865677_c1_2
Soil9.scaffold_612341916_c1_1
Soil5.scaffold_484561639_c1_4
Soil5.scaffold_190958481_c1_1
Soil9.scaffold_353055196_c1_5
Soil9.scaffold_353055196_c1_5
Soil5.scaffold_120605214_c1_7
Soil3.scaffold_611139327_c1_1
Soil5.scaffold_156252851_c1_4
Soil3.scaffold_545048581_c1_2
Soil14.scaffold_96422613_c1_1
Soil11.scaffold_65427810_c1_20
Soil5.scaffold_190334812_c1_127
Soil11.scaffold_340154522_c1_2
T0.scaffold_308047681_c1_10
Soil9.scaffold_76251367_c1_2
Soil11.scaffold_340154522_c1_2
Soil11.scaffold_340154522_c1_2
Soil9.scaffold_15410744_c1_2
Soil14.scaffold_662920441_c1_2
Soil5.scaffold_473197893_c1_1
T0.scaffold_851692350_c1_1
Soil9.scaffold_389291796_c1_1
Soil5.scaffold_344852999_c1_1
Soil9.scaffold_612341916_c1_1
T0.scaffold_967757664_c1_1
Soil17.scaffold_918557319_c1_2
Soil5.scaffold_505074467_c1_3
Soil3.scaffold_412201567_c1_1
Soil16.scaffold_1016730051_c1_1
Soil16.scaffold_1016730051_c1_1
Soil3.scaffold_545048581_c1_2
Soil3.scaffold_368174673_c1_1
Soil5.scaffold_10131657_c1_1
Soil6.scaffold_337799130_c1_1
Soil15.scaffold_1154465524_c1_1
Soil5.scaffold_568918686_c1_1
Soil17.scaffold_1260026387_c1_1
Soil5.scaffold_113795878_c1_1
Soil3.scaffold_504725650_c1_2
Soil9.scaffold_117431192_c1_1
Soil9.scaffold_612341916_c1_1
Soil9.scaffold_612341916_c1_1
Soil9.scaffold_612341916_c1_1
Soil9.scaffold_612341916_c1_1
Soil3.scaffold_26587228_c1_1
Soil3.scaffold_504725650_c1_2
Soil5.scaffold_297430877_c1_1
Soil5.scaffold_100460575_c1_5
Soil11.scaffold_389888404_c1_1
Soil3.scaffold_507624773_c1_1
Soil5.scaffold_549637727_c1_1
Soil6.scaffold_520427360_c1_1
Soil6.scaffold_520427360_c1_1
Soil5.scaffold_434220697_c1_2
Soil5.scaffold_183283646_c1_24
Soil3.scaffold_504725650_c1_2
Soil3.scaffold_504725650_c1_2
Soil11.scaffold_632437082_c1_25
Soil9.scaffold_117431192_c1_1
Soil17.scaffold_332687915_c1_2
Soil17.scaffold_332687915_c1_2
Soil17.scaffold_332687915_c1_2
Soil5.scaffold_110427239_c1_1
T0.scaffold_851692350_c1_1
T0.scaffold_851692350_c1_1
T0.scaffold_851692350_c1_1
T0.scaffold_851692350_c1_1
T0.scaffold_851692350_c1_1
T0.scaffold_851692350_c1_1
Soil5.scaffold_359381833_c1_1
T0.scaffold_308047681_c1_10
T0.scaffold_308047681_c1_10
T0.scaffold_308047681_c1_10
T0.scaffold_308047681_c1_10
Soil5.scaffold_287011042_c1_1
Soil5.scaffold_350004259_c1_1
Soil9.scaffold_495431178_c1_1
Soil9.scaffold_313253032_c1_1
Soil9.scaffold_313253032_c1_1
T0.scaffold_104292398_c1_1
Soil16.scaffold_313969256_c1_10
Soil16.scaffold_313969256_c1_10
Soil11.scaffold_632437082_c1_25
Soil5.scaffold_75236557_c1_1
T0.scaffold_832297828_c1_3
Soil5.scaffold_283674501_c1_1
Soil5.scaffold_549495455_c1_6
Soil14.scaffold_662920441_c1_2
Soil14.scaffold_662920441_c1_2
Soil3.scaffold_504725650_c1_2
Soil5.scaffold_87619515_c1_114
Soil16.scaffold_289523643_c1_23
Soil16.scaffold_289523643_c1_23
Soil5.scaffold_260743559_c1_1
T0.scaffold_961428012_c1_71
Soil17.scaffold_332687915_c1_2
Soil9.scaffold_531412781_c1_1
Soil5.scaffold_113795878_c1_1
Soil3.scaffold_293059500_c1_1
Soil5.scaffold_416434691_c1_48
Soil5.scaffold_86898616_c1_1
Soil5.scaffold_33740271_c1_1
Soil16.scaffold_1069668938_c1_2
Soil16.scaffold_1069668938_c1_2
Soil16.scaffold_1069668938_c1_2
Soil9.scaffold_495431178_c1_1
Soil3.scaffold_507624773_c1_1
Soil6.scaffold_276395619_c1_1
Soil17.scaffold_332687915_c1_2
Soil6.scaffold_47353953_c1_4
T0.scaffold_693658288_c1_1
Soil3.scaffold_504725650_c1_2
Soil3.scaffold_504725650_c1_2
Soil3.scaffold_412201567_c1_1
Soil6.scaffold_47353953_c1_4
Soil5.scaffold_350004259_c1_1
Soil5.scaffold_350004259_c1_1
Soil14.scaffold_105183005_c1_1
Soil14.scaffold_96422613_c1_1
Soil16.scaffold_1385083464_c1_1
Soil6.scaffold_485578092_c1_1
Soil17.scaffold_561235403_c1_1
Soil6.scaffold_547701030_c1_1
T0.scaffold_851692350_c1_1
T0.scaffold_851692350_c1_1
T0.scaffold_851692350_c1_1
T0.scaffold_851692350_c1_1
T0.scaffold_851692350_c1_1
Soil9.scaffold_58551080_c1_2
Soil5.scaffold_100460575_c1_5
Soil11.scaffold_340154522_c1_2
Soil11.scaffold_340154522_c1_2
Soil14.scaffold_1074531152_c1_2
Soil3.scaffold_504725650_c1_2
Soil6.scaffold_477227124_c1_1
Soil3.scaffold_310218704_c1_2
Soil5.scaffold_416434691_c1_48
Soil5.scaffold_473197893_c1_1
Soil5.scaffold_473197893_c1_1
Soil9.scaffold_389291796_c1_1
Soil11.scaffold_389888404_c1_1
Soil11.scaffold_389888404_c1_1
Soil16.scaffold_1385083464_c1_1
Soil6.scaffold_129207369_c1_1
Soil6.scaffold_129207369_c1_1
Soil5.scaffold_30799888_c1_2
Soil5.scaffold_484561639_c1_4
Soil5.scaffold_426188557_c1_1
Soil6.scaffold_522312521_c1_2
Soil6.scaffold_547701030_c1_1
Soil5.scaffold_416434691_c1_48
Soil14.scaffold_1074531152_c1_2
Soil3.scaffold_375487153_c1_3
Soil16.scaffold_313969256_c1_10
Soil5.scaffold_549637727_c1_1
Soil11.scaffold_666531250_c1_1
Soil5.scaffold_33740271_c1_1
Soil5.scaffold_33740271_c1_1
T0.scaffold_521600323_c1_3
Soil12.scaffold_688655950_c2_1
Soil5.scaffold_549637727_c1_1
Soil5.scaffold_549637727_c1_1
Soil5.scaffold_549637727_c1_1
Soil6.scaffold_520427360_c1_1
Soil3.scaffold_26587228_c1_1
Soil3.scaffold_26587228_c1_1
Soil3.scaffold_26587228_c1_1
Soil16.scaffold_289523643_c1_23
T0.scaffold_72495271_c1_1
Soil3.scaffold_364714375_c1_1
Soil9.scaffold_5397274_c1_2
Soil9.scaffold_5397274_c1_2
Soil6.scaffold_477227124_c1_1
Soil5.scaffold_350004259_c1_1
Soil5.scaffold_350004259_c1_1
Soil5.scaffold_350004259_c1_1
Soil5.scaffold_350004259_c1_1
Soil16.scaffold_805434123_c1_1
Soil6.scaffold_433423852_c1_1
Soil6.scaffold_639228132_c1_1
Soil6.scaffold_163364383_c1_1
Soil14.scaffold_565433180_c1_1
Soil14.scaffold_565433180_c1_1
Soil15.scaffold_16321085_c1_6
Soil14.scaffold_95957364_c1_2
T0.scaffold_308047681_c1_10
Soil11.scaffold_245183604_c1_2
T0.scaffold_308047681_c1_10
T0.scaffold_308047681_c1_10
Soil16.scaffold_313969256_c1_10
T0.scaffold_287104333_c1_1
Soil11.scaffold_340154522_c1_2
Soil11.scaffold_248094326_c1_1
Soil5.scaffold_473197893_c1_1
T0.scaffold_693658288_c1_1
Soil6.scaffold_47353953_c1_4
Soil12.scaffold_156165295_c1_1
Soil5.scaffold_183283646_c1_24
Soil9.scaffold_215781292_c1_1
Soil9.scaffold_215781292_c1_1
Soil3.scaffold_310218704_c1_2
Soil3.scaffold_310218704_c1_2
Soil3.scaffold_310218704_c1_2
Soil3.scaffold_310218704_c1_2
Soil3.scaffold_310218704_c1_2
Soil3.scaffold_310218704_c1_2
Soil3.scaffold_310218704_c1_2
Soil3.scaffold_310218704_c1_2
Soil12.scaffold_688655950_c2_1
Soil6.scaffold_477227124_c1_1
Soil6.scaffold_569443478_c1_7
Soil5.scaffold_549637727_c1_1
Soil6.scaffold_477227124_c1_1
Soil12.scaffold_35843989_c1_1
Soil12.scaffold_35843989_c1_1
Soil12.scaffold_35843989_c1_1
T0.scaffold_786865677_c1_2
T0.scaffold_786865677_c1_2
T0.scaffold_786865677_c1_2
T0.scaffold_308047681_c1_10
Soil3.scaffold_352785319_c1_1
Soil5.scaffold_100460575_c1_5
Soil9.scaffold_389291796_c1_1
Soil5.scaffold_190334812_c1_127
Soil5.scaffold_190334812_c1_127
Soil14.scaffold_1074531152_c1_2
Soil5.scaffold_10131657_c1_1
Soil5.scaffold_10131657_c1_1
Soil5.scaffold_10131657_c1_1
Soil5.scaffold_10131657_c1_1
Soil3.scaffold_504725650_c1_2
Soil5.scaffold_297430877_c1_1
Soil6.scaffold_477227124_c1_1
T0.scaffold_308047681_c1_10
Soil6.scaffold_370324234_c1_1
Soil6.scaffold_92176293_c1_1
Soil12.scaffold_29882437_c1_2
Soil6.scaffold_337799130_c1_1
T0.scaffold_967757664_c1_1
Soil15.scaffold_116822102_c1_19
Soil3.scaffold_504725650_c1_2
Soil5.scaffold_33740271_c1_1
Soil5.scaffold_549637727_c1_1
Soil5.scaffold_549637727_c1_1
Soil5.scaffold_549637727_c1_1
T0.scaffold_967757664_c1_1
T0.scaffold_967757664_c1_1
Soil9.scaffold_77981841_c1_1
Soil3.scaffold_504725650_c1_2
Soil11.scaffold_340154522_c1_2
Soil11.scaffold_340154522_c1_2
Soil11.scaffold_340154522_c1_2
Soil9.scaffold_117431192_c1_1
Soil3.scaffold_355143247_c1_1
Soil3.scaffold_26587228_c1_1
Soil16.scaffold_289523643_c1_23
Soil3.scaffold_412201567_c1_1
Soil3.scaffold_412201567_c1_1
T0.scaffold_967757664_c1_1
Soil3.scaffold_336787855_c1_1
Soil3.scaffold_504725650_c1_2
Soil5.scaffold_549637727_c1_1
Soil6.scaffold_639228132_c1_1
Soil6.scaffold_639228132_c1_1
Soil15.scaffold_175810641_c1_3
Soil16.scaffold_289523643_c1_23
Soil5.scaffold_100460575_c1_5
Soil9.scaffold_531412781_c1_1
Soil9.scaffold_138523248_c1_1
Soil11.scaffold_188574402_c1_9
T0.scaffold_418410699_c1_1
Soil17.scaffold_581198514_c1_1
Soil17.scaffold_581198514_c1_1
Soil17.scaffold_581198514_c1_1
Soil17.scaffold_581198514_c1_1
T0.scaffold_308047681_c1_10
Soil9.scaffold_389291796_c1_1
Soil9.scaffold_389291796_c1_1
T0.scaffold_961428012_c1_71
Soil14.scaffold_939872731_c1_1
Soil16.scaffold_313969256_c1_10
Soil5.scaffold_120021607_c1_1
Soil11.scaffold_340154522_c1_2
Soil11.scaffold_340154522_c1_2
Soil11.scaffold_340154522_c1_2
Soil11.scaffold_340154522_c1_2
Soil9.scaffold_215781292_c1_1
Soil9.scaffold_727033318_c1_1
Soil9.scaffold_727033318_c1_1
Soil5.scaffold_416434691_c1_48
Soil9.scaffold_138523248_c1_1
Soil9.scaffold_138523248_c1_1
Soil9.scaffold_138523248_c1_1
Soil3.scaffold_504725650_c1_2
Soil3.scaffold_504725650_c1_2
T0.scaffold_961428012_c1_71
Soil9.scaffold_338763167_c1_1
T0.scaffold_469052346_c1_1
Soil15.scaffold_938222320_c1_1
Soil3.scaffold_504725650_c1_2
Soil5.scaffold_290114046_c1_1
T0.scaffold_308047681_c1_10
Soil6.scaffold_276395619_c1_1
Soil16.scaffold_313969256_c1_10
Soil16.scaffold_289523643_c1_23
Soil16.scaffold_289523643_c1_23
Soil3.scaffold_545048581_c1_2
Soil9.scaffold_612341916_c1_1
Soil9.scaffold_516112812_c1_1
Soil5.scaffold_416434691_c1_48
Soil12.scaffold_688655950_c2_1
Soil9.scaffold_427270196_c1_1
Soil17.scaffold_332687915_c1_2
T0.scaffold_693658288_c1_1
Soil6.scaffold_444127124_c1_1
Soil6.scaffold_444127124_c1_1
Soil6.scaffold_444127124_c1_1
Soil5.scaffold_113795878_c1_1
Soil5.scaffold_113795878_c1_1
Soil6.scaffold_47353953_c1_4
Soil6.scaffold_47353953_c1_4
Soil9.scaffold_5397274_c1_2
Soil15.scaffold_116822102_c1_19
T0.scaffold_851692350_c1_1
Soil5.scaffold_456906488_c1_1
Soil11.scaffold_248094326_c1_1
Soil9.scaffold_495431178_c1_1
Soil12.scaffold_851803053_c1_1
Soil11.scaffold_65427810_c1_20
Soil16.scaffold_313969256_c1_10
Soil6.scaffold_639228132_c1_1
Soil6.scaffold_639228132_c1_1
Soil6.scaffold_639228132_c1_1
Soil6.scaffold_639228132_c1_1
Soil9.scaffold_389291796_c1_1
Soil9.scaffold_389291796_c1_1
Soil9.scaffold_389291796_c1_1
T0.scaffold_851692350_c1_1
Soil3.scaffold_545048581_c1_2
Soil3.scaffold_546338209_c1_1
Soil5.scaffold_190334812_c1_127
Soil9.scaffold_372417789_c1_1
Soil3.scaffold_504725650_c1_2
Soil6.scaffold_477227124_c1_1
Soil3.scaffold_504725650_c1_2
Soil12.scaffold_641498763_c1_1
Soil9.scaffold_612341916_c1_1
Soil9.scaffold_495431178_c1_1
Soil3.scaffold_364714375_c1_1
Soil6.scaffold_477227124_c1_1
Soil14.scaffold_662920441_c1_2
Soil14.scaffold_662920441_c1_2
Soil3.scaffold_412201567_c1_1
T0.scaffold_967757664_c1_1
Soil6.scaffold_433423852_c1_1
Soil3.scaffold_414071996_c1_8
Soil6.scaffold_477227124_c1_1
T0.scaffold_308047681_c1_10
Soil9.scaffold_550278571_c1_1
Soil9.scaffold_516112812_c1_1
Soil3.scaffold_507624773_c1_1
Soil9.scaffold_389291796_c1_1
Soil3.scaffold_364714375_c1_1
T0.scaffold_961428012_c1_71
Soil16.scaffold_805434123_c1_1
Soil16.scaffold_805434123_c1_1
Soil16.scaffold_805434123_c1_1
Soil16.scaffold_452052314_c1_1
Soil14.scaffold_1074531152_c1_2
Soil11.scaffold_114723579_c1_33
Soil16.scaffold_289523643_c1_23
Soil16.scaffold_289523643_c1_23
Soil16.scaffold_289523643_c1_23
Soil9.scaffold_133927741_c1_1
Soil6.scaffold_554490263_c1_1
T0.scaffold_308047681_c1_10
Soil14.scaffold_153203538_c1_1
Soil14.scaffold_153203538_c1_1
Soil3.scaffold_504725650_c1_2
Soil6.scaffold_477227124_c1_1
Soil6.scaffold_477227124_c1_1
Soil6.scaffold_477227124_c1_1
T0.scaffold_967757664_c1_1
Soil14.scaffold_1074531152_c1_2
Soil5.scaffold_190334812_c1_127
Soil9.scaffold_793036657_c1_1
Soil5.scaffold_426188557_c1_1
Soil5.scaffold_549637727_c1_1
Soil9.scaffold_516112812_c1_1
Soil11.scaffold_188574402_c1_9
Soil3.scaffold_412201567_c1_1
Soil5.scaffold_10131657_c1_1
Soil16.scaffold_1385083464_c1_1
Soil12.scaffold_851803053_c1_1
Soil9.scaffold_353055196_c1_5
Soil6.scaffold_520427360_c1_1
Soil6.scaffold_477227124_c1_1
Soil6.scaffold_477227124_c1_1
Soil6.scaffold_477227124_c1_1
Soil3.scaffold_220327572_c1_1
Soil9.scaffold_338763167_c1_1
Soil3.scaffold_293059500_c1_1
Soil5.scaffold_549637727_c1_1
Soil9.scaffold_389291796_c1_1
Soil9.scaffold_117431192_c1_1
Soil9.scaffold_117431192_c1_1
Soil3.scaffold_504725650_c1_2
Soil9.scaffold_363015616_c1_1
Soil3.scaffold_504725650_c1_2
Soil9.scaffold_793036657_c1_1
Soil3.scaffold_504725650_c1_2
Soil9.scaffold_713742547_c1_1
Soil9.scaffold_101985961_c1_1
Soil3.scaffold_504725650_c1_2
Soil14.scaffold_95957364_c1_2
Soil9.scaffold_572289408_c1_9
T0.scaffold_851692350_c1_1
T0.scaffold_714353858_c1_1
T0.scaffold_714353858_c1_1
T0.scaffold_714353858_c1_1
Soil5.scaffold_75236557_c1_1
Soil5.scaffold_75236557_c1_1
Soil5.scaffold_75236557_c1_1
Soil5.scaffold_75236557_c1_1
Soil5.scaffold_75236557_c1_1
Soil9.scaffold_360807477_c1_1
Soil9.scaffold_215781292_c1_1
T0.scaffold_308047681_c1_10
T0.scaffold_72495271_c1_1
T0.scaffold_72495271_c1_1
Soil6.scaffold_485578092_c1_1
Soil15.scaffold_515991602_c1_2
Soil5.scaffold_416434691_c1_48
Soil3.scaffold_225804219_c1_12
Soil9.scaffold_727033318_c1_1
Soil15.scaffold_116822102_c1_19
Soil3.scaffold_336787855_c1_1
Soil17.scaffold_332687915_c1_2
Soil17.scaffold_332687915_c1_2
Soil11.scaffold_109289769_c1_1
Soil11.scaffold_404038970_c1_1
Soil9.scaffold_353055196_c1_5
T0.scaffold_851692350_c1_1
T0.scaffold_851692350_c1_1
T0.scaffold_851692350_c1_1
T0.scaffold_851692350_c1_1
T0.scaffold_851692350_c1_1
T0.scaffold_851692350_c1_1
T0.scaffold_851692350_c1_1
T0.scaffold_308047681_c1_10
Soil9.scaffold_635765039_c1_77
Soil16.scaffold_469205158_c1_1
Soil3.scaffold_504725650_c1_2
Soil3.scaffold_504725650_c1_2
Soil3.scaffold_504725650_c1_2
Soil9.scaffold_495431178_c1_1
Soil16.scaffold_289523643_c1_23
Soil5.scaffold_100460575_c1_5
Soil11.scaffold_170649441_c1_1
Soil6.scaffold_477227124_c1_1
Soil6.scaffold_477227124_c1_1
Soil11.scaffold_188574402_c1_9
Soil11.scaffold_347614675_c1_1
Soil6.scaffold_47353953_c1_4
Soil3.scaffold_259363464_c1_1
Soil9.scaffold_389291796_c1_1
Soil9.scaffold_389291796_c1_1
Soil5.scaffold_126248520_c1_2
Soil3.scaffold_26587228_c1_1
Soil14.scaffold_662920441_c1_2
Soil14.scaffold_662920441_c1_2
Soil11.scaffold_392700608_c1_1
Soil3.scaffold_504725650_c1_2
Soil11.scaffold_109289769_c1_1
Soil6.scaffold_477227124_c1_1
Soil6.scaffold_477227124_c1_1
Soil6.scaffold_477227124_c1_1
Soil3.scaffold_412201567_c1_1
Soil3.scaffold_412201567_c1_1
Soil3.scaffold_412201567_c1_1
Soil6.scaffold_639228132_c1_1
Soil5.scaffold_10131657_c1_1
Soil11.scaffold_666531250_c1_1
Soil17.scaffold_1255261886_c1_1
Soil12.scaffold_851803053_c1_1
Soil11.scaffold_340154522_c1_2
Soil11.scaffold_129783488_c1_1
Soil11.scaffold_522683875_c1_1
Soil11.scaffold_248094326_c1_1
Soil15.scaffold_1095997441_c1_1
Soil6.scaffold_639228132_c1_1
Soil11.scaffold_245183604_c1_2
Soil11.scaffold_389888404_c1_1
Soil11.scaffold_149369388_c1_1
Soil15.scaffold_515991602_c1_2
Soil5.scaffold_549637727_c1_1
Soil3.scaffold_26587228_c1_1
Soil9.scaffold_793036657_c1_1
T0.scaffold_308047681_c1_10
Soil17.scaffold_561235403_c1_1
Soil11.scaffold_475955381_c1_1
Soil3.scaffold_504725650_c1_2
T0.scaffold_967757664_c1_1
Soil9.scaffold_612341916_c1_1
Soil6.scaffold_639228132_c1_1
Soil9.scaffold_215781292_c1_1
Soil3.scaffold_545048581_c1_2
Soil3.scaffold_545048581_c1_2
T0.scaffold_693658288_c1_1
Soil11.scaffold_340154522_c1_2
Soil11.scaffold_340154522_c1_2
Soil9.scaffold_793036657_c1_1
Soil9.scaffold_793036657_c1_1
T0.scaffold_308047681_c1_10
T0.scaffold_961428012_c1_71
Soil6.scaffold_477227124_c1_1
Soil3.scaffold_487147719_c1_1
Soil3.scaffold_487147719_c1_1
Soil17.scaffold_561235403_c1_1
Soil15.scaffold_938222320_c1_1
Soil11.scaffold_188574402_c1_9
Soil11.scaffold_431424030_c1_1
Soil12.scaffold_851803053_c1_1
Soil12.scaffold_851803053_c1_1
Soil11.scaffold_340154522_c1_2
Soil11.scaffold_65427810_c1_20
T0.scaffold_693658288_c1_1
Soil11.scaffold_109289769_c1_1
Soil9.scaffold_338763167_c1_1
Soil11.scaffold_668984062_c1_1
Soil3.scaffold_504725650_c1_2
Soil5.scaffold_30799888_c1_2
T0.scaffold_693658288_c1_1
T0.scaffold_693658288_c1_1
T0.scaffold_693658288_c1_1
T0.scaffold_693658288_c1_1
Soil9.scaffold_138523248_c1_1
Soil14.scaffold_1074531152_c1_2
T0.scaffold_851692350_c1_1
T0.scaffold_967757664_c1_1
Soil14.scaffold_95957364_c1_2
Soil5.scaffold_100460575_c1_5
Soil5.scaffold_33740271_c1_1
Soil5.scaffold_33740271_c1_1
Soil16.scaffold_289523643_c1_23
Soil16.scaffold_289523643_c1_23
Soil17.scaffold_561235403_c1_1
Soil5.scaffold_416434691_c1_48
Soil5.scaffold_190334812_c1_127
Soil5.scaffold_126248520_c1_2
Soil11.scaffold_632437082_c1_25
Soil6.scaffold_639228132_c1_1
Soil16.scaffold_718712853_c1_1
Soil16.scaffold_718712853_c1_1
Soil16.scaffold_718712853_c1_1
Soil16.scaffold_718712853_c1_1
Soil15.scaffold_437702843_c1_1
Soil16.scaffold_718712853_c1_1
Soil16.scaffold_718712853_c1_1
Soil16.scaffold_718712853_c1_1
Soil5.scaffold_416434691_c1_48
Soil6.scaffold_457196357_c1_1
Soil16.scaffold_805434123_c1_1
Soil16.scaffold_805434123_c1_1
Soil16.scaffold_805434123_c1_1
Soil14.scaffold_138179934_c1_3
Soil12.scaffold_851803053_c1_1
Soil9.scaffold_117431192_c1_1
Soil3.scaffold_504725650_c1_2
Soil16.scaffold_313969256_c1_10
Soil11.scaffold_149369388_c1_1
Soil9.scaffold_101985961_c1_1
Soil5.scaffold_290114046_c1_1
Soil6.scaffold_569443478_c1_7
Soil11.scaffold_340154522_c1_2
Soil11.scaffold_340154522_c1_2
Soil5.scaffold_100460575_c1_5
Soil14.scaffold_153203538_c1_1
Soil16.scaffold_718712853_c1_1
Soil3.scaffold_26587228_c1_1
Soil14.scaffold_153203538_c1_1
T0.scaffold_786865677_c1_2
Soil6.scaffold_522312521_c1_2
Soil9.scaffold_389291796_c1_1
Soil5.scaffold_100460575_c1_5
Soil3.scaffold_504725650_c1_2
Soil11.scaffold_188574402_c1_9
Soil12.scaffold_674568068_c1_1
Soil12.scaffold_641498763_c1_1
Soil12.scaffold_411182367_c1_117
Soil9.scaffold_220447296_c1_1
Soil9.scaffold_220447296_c1_1
Soil9.scaffold_389291796_c1_1
Soil6.scaffold_337799130_c1_1
Soil14.scaffold_105183005_c1_1
Soil14.scaffold_939872731_c1_1
Soil12.scaffold_35843989_c1_1
Soil3.scaffold_504725650_c1_2
Soil15.scaffold_817137977_c1_1
Soil9.scaffold_389291796_c1_1
Soil12.scaffold_688655950_c2_1
T0.scaffold_851692350_c1_1
T0.scaffold_851692350_c1_1
Soil3.scaffold_412201567_c1_1
Soil3.scaffold_412201567_c1_1
Soil12.scaffold_767270569_c1_1
Soil11.scaffold_389888404_c1_1
Soil11.scaffold_389888404_c1_1
Soil3.scaffold_412201567_c1_1
Soil3.scaffold_504725650_c1_2
Soil12.scaffold_689576111_c1_1
Soil3.scaffold_293059500_c1_1
Soil11.scaffold_245183604_c1_2
Soil12.scaffold_867417568_c1_1
Soil12.scaffold_29882437_c1_2
Soil9.scaffold_389291796_c1_1
Soil17.scaffold_918557319_c1_2
Soil12.scaffold_429967949_c1_2
Soil17.scaffold_1255261886_c1_1
Soil5.scaffold_416434691_c1_48
Soil12.scaffold_331288712_c1_8
Soil12.scaffold_331288712_c1_8
Soil5.scaffold_338947275_c1_1
Soil14.scaffold_662920441_c1_2
Soil17.scaffold_1188092603_c1_2
Soil9.scaffold_389291796_c1_1
Soil11.scaffold_114723579_c1_33
Soil3.scaffold_545048581_c1_2
Soil9.scaffold_793036657_c1_1
Soil9.scaffold_793036657_c1_1
Soil15.scaffold_1095997441_c1_1
Soil3.scaffold_493956733_c1_10
Soil9.scaffold_389291796_c1_1
T0.scaffold_693658288_c1_1
Soil15.scaffold_116822102_c1_19
Soil15.scaffold_1166588150_c1_1
T0.scaffold_786865677_c1_2
Soil15.scaffold_1290921615_c1_1
T0.scaffold_967757664_c1_1
Soil16.scaffold_1385083464_c1_1
Soil11.scaffold_188574402_c1_9
Soil16.scaffold_289523643_c1_23
Soil12.scaffold_156165295_c1_1
T0.scaffold_308047681_c1_10
T0.scaffold_308047681_c1_10
T0.scaffold_308047681_c1_10
T0.scaffold_308047681_c1_10
Soil16.scaffold_289523643_c1_23
Soil16.scaffold_289523643_c1_23
Soil16.scaffold_289523643_c1_23
Soil6.scaffold_477227124_c1_1
Soil16.scaffold_718712853_c1_1
T0.scaffold_925671294_c1_1
Soil17.scaffold_332687915_c1_2
Soil3.scaffold_611139327_c1_1
Soil3.scaffold_504725650_c1_2
Soil5.scaffold_426188557_c1_1
Soil12.scaffold_698126081_c1_1
Soil3.scaffold_611139327_c1_1
Soil3.scaffold_504725650_c1_2
Soil14.scaffold_740372462_c1_1
T0.scaffold_851692350_c1_1
Soil5.scaffold_33740271_c1_1
Soil3.scaffold_368174673_c1_1
Soil3.scaffold_368174673_c1_1
Soil14.scaffold_684112692_c1_1
Soil14.scaffold_684112692_c1_1
Soil17.scaffold_1067865600_c1_1
Soil16.scaffold_718712853_c1_1
Soil16.scaffold_793465436_c1_2
Soil15.scaffold_175810641_c1_3
Soil17.scaffold_561235403_c1_1
Soil11.scaffold_389888404_c1_1
Soil14.scaffold_280216268_c1_12
Soil11.scaffold_340154522_c1_2
Soil15.scaffold_46508226_c1_1
Soil11.scaffold_245183604_c1_2
Soil11.scaffold_245183604_c1_2
Soil14.scaffold_96422613_c1_1
Soil9.scaffold_612341916_c1_1
Soil3.scaffold_504725650_c1_2
Soil3.scaffold_364714375_c1_1
Soil3.scaffold_504725650_c1_2
Soil15.scaffold_938222320_c1_1
Soil16.scaffold_241688877_c1_1
Soil9.scaffold_117431192_c1_1
Soil16.scaffold_469205158_c1_1
Soil11.scaffold_109289769_c1_1
Soil11.scaffold_389888404_c1_1
Soil3.scaffold_293059500_c1_1
Soil3.scaffold_293059500_c1_1
Soil6.scaffold_477227124_c1_1
Soil14.scaffold_753907801_c1_1
Soil14.scaffold_753907801_c1_1
Soil14.scaffold_753907801_c1_1
Soil16.scaffold_805434123_c1_1
Soil11.scaffold_340154522_c1_2
Soil5.scaffold_489407153_c1_201
Soil6.scaffold_477227124_c1_1
Soil5.scaffold_113795878_c1_1
Soil9.scaffold_389291796_c1_1
Soil11.scaffold_245183604_c1_2
Soil3.scaffold_364714375_c1_1
Soil14.scaffold_105183005_c1_1
Soil15.scaffold_1166588150_c1_1
Soil14.scaffold_927023944_c1_157
Soil15.scaffold_180815506_c1_1
Soil3.scaffold_412201567_c1_1
Soil16.scaffold_1385083464_c1_1
Soil14.scaffold_1074531152_c1_2
Soil3.scaffold_364714375_c1_1
Soil16.scaffold_718712853_c1_1
Soil16.scaffold_718712853_c1_1
Soil16.scaffold_718712853_c1_1
Soil15.scaffold_180815506_c1_1
Soil14.scaffold_662920441_c1_2
Soil14.scaffold_662920441_c1_2
Soil16.scaffold_1069668938_c1_2
Soil16.scaffold_1069668938_c1_2
Soil15.scaffold_116822102_c1_19
Soil3.scaffold_504725650_c1_2
Soil14.scaffold_939872731_c1_1
Soil16.scaffold_718712853_c1_1
Soil16.scaffold_313969256_c1_10
T0.scaffold_967757664_c1_1
Soil5.scaffold_100460575_c1_5
Soil9.scaffold_360807477_c1_1
Soil3.scaffold_293059500_c1_1
Soil11.scaffold_114723579_c1_33
Soil14.scaffold_284095619_c1_1
Soil16.scaffold_805434123_c1_1
Soil5.scaffold_75236557_c1_1
Soil5.scaffold_75236557_c1_1
Soil12.scaffold_851803053_c1_1
Soil3.scaffold_504725650_c1_2
T0.scaffold_308047681_c1_10
Soil17.scaffold_1045002370_c1_23
Soil14.scaffold_576820813_c1_40
Soil11.scaffold_245183604_c1_2
Soil11.scaffold_245183604_c1_2
Soil11.scaffold_245183604_c1_2
Soil16.scaffold_1069668938_c1_2
Soil16.scaffold_1069668938_c1_2
Soil16.scaffold_805434123_c1_1
Soil16.scaffold_805434123_c1_1
T0.scaffold_851692350_c1_1
Soil5.scaffold_100460575_c1_5
Soil17.scaffold_1188092603_c1_2
Soil15.scaffold_1290921615_c1_1
Soil14.scaffold_153203538_c1_1
Soil16.scaffold_289523643_c1_23
Soil16.scaffold_289523643_c1_23
Soil16.scaffold_289523643_c1_23
Soil16.scaffold_289523643_c1_23
Soil9.scaffold_76251367_c1_2
Soil12.scaffold_331288712_c1_8
Soil12.scaffold_331288712_c1_8
Soil12.scaffold_331288712_c1_8
Soil11.scaffold_321547053_c1_1
Soil16.scaffold_1069668938_c1_2
Soil16.scaffold_1069668938_c1_2
Soil6.scaffold_485578092_c1_1
Soil16.scaffold_313969256_c1_10
T0.scaffold_851692350_c1_1
Soil15.scaffold_1166588150_c1_1
Soil5.scaffold_57484380_c1_1
Soil6.scaffold_477227124_c1_1
Soil15.scaffold_1182777590_c1_38
Soil15.scaffold_1290921615_c1_1
Soil15.scaffold_116822102_c1_19
Soil16.scaffold_753772963_c1_1
Soil15.scaffold_116822102_c1_19
Soil9.scaffold_101985961_c1_1
Soil17.scaffold_1067865600_c1_1
Soil16.scaffold_805434123_c1_1
Soil16.scaffold_805434123_c1_1
Soil15.scaffold_674474608_c1_1
Soil12.scaffold_689576111_c1_1
Soil16.scaffold_289523643_c1_23
Soil16.scaffold_289523643_c1_23
Soil16.scaffold_289523643_c1_23
Soil15.scaffold_515991602_c1_2
Soil5.scaffold_33740271_c1_1
Soil15.scaffold_46508226_c1_1
Soil6.scaffold_276395619_c1_1
Soil3.scaffold_611139327_c1_1
T0.scaffold_967757664_c1_1
Soil17.scaffold_1292277973_c1_1
Soil16.scaffold_1069668938_c1_2
Soil15.scaffold_1255266399_c1_142
Soil3.scaffold_293059500_c1_1
Soil15.scaffold_180815506_c1_1
Soil15.scaffold_180815506_c1_1
Soil15.scaffold_515991602_c1_2
Soil9.scaffold_101985961_c1_1
Soil17.scaffold_918557319_c1_2
Soil15.scaffold_16321085_c1_6
Soil15.scaffold_938222320_c1_1
Soil15.scaffold_515991602_c1_2
Soil5.scaffold_100460575_c1_5
Soil15.scaffold_180815506_c1_1
Soil11.scaffold_245183604_c1_2
Soil16.scaffold_793465436_c1_2
Soil15.scaffold_162675515_c1_1
Soil11.scaffold_389888404_c1_1
Soil15.scaffold_175810641_c1_3
Soil15.scaffold_46508226_c1_1
Soil15.scaffold_652652217_c1_1
Soil15.scaffold_1154465524_c1_1
Soil16.scaffold_289523643_c1_23
Soil11.scaffold_245183604_c1_2
Soil11.scaffold_245183604_c1_2
Soil5.scaffold_209506766_c1_7
Soil5.scaffold_209506766_c1_7
Soil17.scaffold_1188092603_c1_2
Soil17.scaffold_1188092603_c1_2
Soil9.scaffold_389291796_c1_1
Soil16.scaffold_313969256_c1_10
Soil6.scaffold_47353953_c1_4
Soil5.scaffold_209506766_c1_7
Soil15.scaffold_437702843_c1_1
Soil15.scaffold_180815506_c1_1
Soil9.scaffold_338763167_c1_1
Soil15.scaffold_43394979_c1_1
Soil11.scaffold_340154522_c1_2
Soil11.scaffold_340154522_c1_2
Soil16.scaffold_1078417100_c1_2
Soil15.scaffold_16321085_c1_6
Soil17.scaffold_1188092603_c1_2
Soil16.scaffold_1069668938_c1_2
Soil16.scaffold_805434123_c1_1
Soil12.scaffold_698126081_c1_1
Soil12.scaffold_698126081_c1_1
Soil15.scaffold_116822102_c1_19
Soil16.scaffold_235695670_c1_1
Soil6.scaffold_129207369_c1_1
Soil16.scaffold_1215073673_c1_1
Soil16.scaffold_1215073673_c1_1
Soil16.scaffold_753772963_c1_1
Soil17.scaffold_918557319_c1_2
T0.scaffold_851692350_c1_1
T0.scaffold_967757664_c1_1
Soil17.scaffold_918557319_c1_2
Soil15.scaffold_1255266399_c1_142
Soil16.scaffold_313969256_c1_10
Soil16.scaffold_313969256_c1_10
Soil16.scaffold_640953118_c1_1
Soil16.scaffold_718712853_c1_1
Soil16.scaffold_718712853_c1_1
Soil5.scaffold_100460575_c1_5
Soil16.scaffold_313969256_c1_10
T0.scaffold_308047681_c1_10
Soil16.scaffold_805434123_c1_1
Soil16.scaffold_436666653_c1_2
Soil6.scaffold_477227124_c1_1
Soil16.scaffold_1069668938_c1_2
Soil9.scaffold_372417789_c1_1
Soil3.scaffold_412201567_c1_1
Soil6.scaffold_639228132_c1_1
Soil11.scaffold_245183604_c1_2
Soil11.scaffold_245183604_c1_2
Soil11.scaffold_245183604_c1_2
Soil11.scaffold_245183604_c1_2
Soil14.scaffold_105183005_c1_1
Soil9.scaffold_101985961_c1_1
Soil16.scaffold_241688877_c1_1
Soil11.scaffold_340154522_c1_2
Soil11.scaffold_340154522_c1_2
Soil11.scaffold_340154522_c1_2
Soil16.scaffold_494804418_c1_1
Soil5.scaffold_100460575_c1_5
Soil5.scaffold_100460575_c1_5
Soil17.scaffold_561235403_c1_1
Soil16.scaffold_289523643_c1_23
Soil16.scaffold_289523643_c1_23
Soil16.scaffold_289523643_c1_23
Soil16.scaffold_1385083464_c1_1
Soil16.scaffold_494804418_c1_1
Soil16.scaffold_640953118_c1_1
Soil5.scaffold_526478646_c1_1
Soil9.scaffold_516112812_c1_1
Soil16.scaffold_805434123_c1_1
Soil6.scaffold_477227124_c1_1
Soil6.scaffold_477227124_c1_1
Soil6.scaffold_477227124_c1_1
Soil6.scaffold_47353953_c1_4
Soil5.scaffold_75236557_c1_1
Soil5.scaffold_75236557_c1_1
Soil5.scaffold_75236557_c1_1
Soil5.scaffold_75236557_c1_1
Soil6.scaffold_477227124_c1_1
Soil3.scaffold_504725650_c1_2
Soil14.scaffold_955287814_c1_1
Soil16.scaffold_1078417100_c1_2
Soil12.scaffold_331288712_c1_8
Soil12.scaffold_331288712_c1_8
Soil3.scaffold_504725650_c1_2
Soil16.scaffold_313969256_c1_10
Soil9.scaffold_363015616_c1_1
Soil17.scaffold_561235403_c1_1
Soil15.scaffold_515991602_c1_2
Soil9.scaffold_76251367_c1_2
Soil17.scaffold_561235403_c1_1
Soil17.scaffold_561235403_c1_1
Soil16.scaffold_452052314_c1_1
Soil6.scaffold_520427360_c1_1
Soil16.scaffold_718712853_c1_1
Soil16.scaffold_1328109982_c1_1
Soil9.scaffold_117431192_c1_1
Soil14.scaffold_939872731_c1_1
Soil6.scaffold_520427360_c1_1
T0.scaffold_967757664_c1_1
Soil11.scaffold_163615468_c1_2
T0.scaffold_287104333_c1_1
Soil17.scaffold_1255261886_c1_1
Soil17.scaffold_1292277973_c1_1
Soil15.scaffold_175810641_c1_3
Soil12.scaffold_689576111_c1_1
T0.scaffold_308047681_c1_10
Soil6.scaffold_477227124_c1_1
Soil9.scaffold_531412781_c1_1
Soil11.scaffold_109289769_c1_1
Soil16.scaffold_313969256_c1_10
Soil17.scaffold_1260026387_c1_1
T0.scaffold_1040725479_c1_1
Soil16.scaffold_718712853_c1_1
Soil11.scaffold_245183604_c1_2
Soil11.scaffold_245183604_c1_2
Soil5.scaffold_549637727_c1_1
Soil17.scaffold_852337644_c1_1
Soil15.scaffold_180815506_c1_1
Soil17.scaffold_581198514_c1_1
Soil9.scaffold_76251367_c1_2
Soil9.scaffold_642935399_c1_11
T0.scaffold_308047681_c1_10
Soil3.scaffold_504725650_c1_2
Soil17.scaffold_332687915_c1_2
Soil16.scaffold_805434123_c1_1
Soil16.scaffold_289523643_c1_23
Soil17.scaffold_1067865600_c1_1
Soil17.scaffold_1045002370_c1_23
Soil9.scaffold_635818165_c2_1
Soil9.scaffold_635818165_c2_1
Soil17.scaffold_489938669_c1_1
Soil3.scaffold_293059500_c1_1
Soil12.scaffold_698126081_c1_1
Soil16.scaffold_805434123_c1_1
Soil11.scaffold_340154522_c1_2
Soil17.scaffold_1260026387_c1_1
Soil17.scaffold_561235403_c1_1
Soil17.scaffold_918557319_c1_2
Soil11.scaffold_245183604_c1_2
Soil5.scaffold_100460575_c1_5
Soil17.scaffold_1188092603_c1_2
Soil17.scaffold_1071092128_c1_1
Soil5.scaffold_100460575_c1_5
Soil11.scaffold_340154522_c1_2
Soil11.scaffold_340154522_c1_2
Soil17.scaffold_1292277973_c1_1
Soil11.scaffold_389888404_c1_1
Soil15.scaffold_515991602_c1_2
Soil15.scaffold_515991602_c1_2
Soil6.scaffold_47353953_c1_4
Soil6.scaffold_47353953_c1_4
Soil16.scaffold_1069668938_c1_2
Soil3.scaffold_504725650_c1_2
Soil6.scaffold_477227124_c1_1
Soil17.scaffold_1255261886_c1_1
T0.scaffold_967757664_c1_1
Soil6.scaffold_477227124_c1_1
T0.scaffold_866938672_c1_1
Soil16.scaffold_1385083464_c1_1
Soil17.scaffold_373813518_c1_1
Soil12.scaffold_331288712_c1_8
Soil17.scaffold_841705790_c1_1
Soil17.scaffold_599525779_c1_2
Soil17.scaffold_221362183_c1_2
Soil17.scaffold_102369427_c1_1
Soil15.scaffold_116822102_c1_19
Traceback (most recent call last):
  File "build_new_map.py", line 92, in <module>
    main()
  File "build_new_map.py", line 89, in main
    np.savetxt("out/new_cluster_map.tsv", map, delimiter = '\t', fmt = '%s')
  File "<__array_function__ internals>", line 6, in savetxt
  File "/software/python-anaconda3/2019.10/lib/python3.7/site-packages/numpy/lib/npyio.py", line 1364, in savetxt
    open(fname, 'wt').close()
FileNotFoundError: [Errno 2] No such file or directory: 'out/new_cluster_map.tsv'
